[14.581s] DEBUG:colcon:Command line arguments: ['/usr/bin/colcon', 'build', '--symlink-install']
[14.582s] DEBUG:colcon:Parsed command line arguments: Namespace(log_base=None, log_level=None, verb_name='build', build_base='build', install_base='install', merge_install=False, symlink_install=True, test_result_base=None, continue_on_error=False, executor='parallel', parallel_workers=2, event_handlers=None, ignore_user_meta=False, metas=['./colcon.meta'], base_paths=['.'], packages_ignore=None, packages_ignore_regex=None, paths=None, packages_up_to=None, packages_up_to_regex=None, packages_above=None, packages_above_and_dependencies=None, packages_above_depth=None, packages_select_by_dep=None, packages_skip_by_dep=None, packages_skip_up_to=None, packages_select_build_failed=False, packages_skip_build_finished=False, packages_select_test_failures=False, packages_skip_test_passed=False, packages_select=None, packages_skip=None, packages_select_regex=None, packages_skip_regex=None, packages_start=None, packages_end=None, allow_overriding=[], cmake_args=None, cmake_target=None, cmake_target_skip_unavailable=False, cmake_clean_cache=False, cmake_clean_first=False, cmake_force_configure=False, ament_cmake_args=None, catkin_cmake_args=None, catkin_skip_building_tests=False, verb_parser=<colcon_defaults.argument_parser.defaults.DefaultArgumentsDecorator object at 0x7f29f14c8520>, verb_extension=<colcon_core.verb.build.BuildVerb object at 0x7f29f18d7100>, main=<bound method BuildVerb.main of <colcon_core.verb.build.BuildVerb object at 0x7f29f18d7100>>)
[15.214s] Level 1:colcon.colcon_core.package_discovery:discover_packages(colcon_meta) check parameters
[15.216s] Level 1:colcon.colcon_core.package_discovery:discover_packages(recursive) check parameters
[15.217s] Level 1:colcon.colcon_core.package_discovery:discover_packages(ignore) check parameters
[15.218s] Level 1:colcon.colcon_core.package_discovery:discover_packages(path) check parameters
[15.219s] Level 1:colcon.colcon_core.package_discovery:discover_packages(colcon_meta) discover
[15.221s] Level 1:colcon.colcon_core.package_discovery:discover_packages(recursive) discover
[15.222s] INFO:colcon.colcon_core.package_discovery:Crawling recursively for packages in '/home/mario/ros2/src'
[15.223s] Level 1:colcon.colcon_core.package_identification:_identify(.) by extensions ['ignore', 'ignore_ament_install']
[15.230s] Level 1:colcon.colcon_core.package_identification:_identify(.) by extension 'ignore'
[15.232s] Level 1:colcon.colcon_core.package_identification:_identify(.) by extension 'ignore_ament_install'
[15.233s] Level 1:colcon.colcon_core.package_identification:_identify(.) by extensions ['colcon_pkg']
[15.234s] Level 1:colcon.colcon_core.package_identification:_identify(.) by extension 'colcon_pkg'
[15.234s] Level 1:colcon.colcon_core.package_identification:_identify(.) by extensions ['colcon_meta']
[15.235s] Level 1:colcon.colcon_core.package_identification:_identify(.) by extension 'colcon_meta'
[15.235s] Level 1:colcon.colcon_core.package_identification:_identify(.) by extensions ['ros']
[15.235s] Level 1:colcon.colcon_core.package_identification:_identify(.) by extension 'ros'
[15.344s] Level 1:colcon.colcon_core.package_identification:_identify(.) by extensions ['cmake', 'python']
[15.345s] Level 1:colcon.colcon_core.package_identification:_identify(.) by extension 'cmake'
[15.347s] Level 1:colcon.colcon_core.package_identification:_identify(.) by extension 'python'
[15.348s] Level 1:colcon.colcon_core.package_identification:_identify(.) by extensions ['python_setup_py']
[15.349s] Level 1:colcon.colcon_core.package_identification:_identify(.) by extension 'python_setup_py'
[15.350s] Level 1:colcon.colcon_core.package_identification:_identify(build) by extensions ['ignore', 'ignore_ament_install']
[15.352s] Level 1:colcon.colcon_core.package_identification:_identify(build) by extension 'ignore'
[15.353s] Level 1:colcon.colcon_core.package_identification:_identify(build) ignored
[15.354s] Level 1:colcon.colcon_core.package_identification:_identify(install) by extensions ['ignore', 'ignore_ament_install']
[15.356s] Level 1:colcon.colcon_core.package_identification:_identify(install) by extension 'ignore'
[15.357s] Level 1:colcon.colcon_core.package_identification:_identify(install) ignored
[15.359s] Level 1:colcon.colcon_core.package_identification:_identify(log) by extensions ['ignore', 'ignore_ament_install']
[15.360s] Level 1:colcon.colcon_core.package_identification:_identify(log) by extension 'ignore'
[15.363s] Level 1:colcon.colcon_core.package_identification:_identify(log) ignored
[15.365s] Level 1:colcon.colcon_core.package_identification:_identify(my_robot_controller) by extensions ['ignore', 'ignore_ament_install']
[15.367s] Level 1:colcon.colcon_core.package_identification:_identify(my_robot_controller) by extension 'ignore'
[15.374s] Level 1:colcon.colcon_core.package_identification:_identify(my_robot_controller) by extension 'ignore_ament_install'
[15.376s] Level 1:colcon.colcon_core.package_identification:_identify(my_robot_controller) by extensions ['colcon_pkg']
[15.376s] Level 1:colcon.colcon_core.package_identification:_identify(my_robot_controller) by extension 'colcon_pkg'
[15.376s] Level 1:colcon.colcon_core.package_identification:_identify(my_robot_controller) by extensions ['colcon_meta']
[15.377s] Level 1:colcon.colcon_core.package_identification:_identify(my_robot_controller) by extension 'colcon_meta'
[15.378s] Level 1:colcon.colcon_core.package_identification:_identify(my_robot_controller) by extensions ['ros']
[15.378s] Level 1:colcon.colcon_core.package_identification:_identify(my_robot_controller) by extension 'ros'
[15.403s] DEBUG:colcon.colcon_core.package_identification:Package 'my_robot_controller' with type 'ros.ament_python' and name 'my_robot_controller'
[15.404s] Level 1:colcon.colcon_core.package_discovery:discover_packages(recursive) using defaults
[15.412s] Level 1:colcon.colcon_core.package_discovery:discover_packages(ignore) discover
[15.412s] Level 1:colcon.colcon_core.package_discovery:discover_packages(ignore) using defaults
[15.412s] Level 1:colcon.colcon_core.package_discovery:discover_packages(path) discover
[15.413s] Level 1:colcon.colcon_core.package_discovery:discover_packages(path) using defaults
[16.749s] Level 1:colcon.colcon_core.package_discovery:discover_packages(prefix_path) check parameters
[16.751s] Level 1:colcon.colcon_core.package_discovery:discover_packages(prefix_path) discover
[17.079s] DEBUG:colcon.colcon_installed_package_information.package_discovery:Found 1 installed packages in /home/mario/ros2/install
[17.267s] DEBUG:colcon.colcon_installed_package_information.package_discovery:Found 270 installed packages in /opt/ros/humble
[17.281s] Level 1:colcon.colcon_core.package_discovery:discover_packages(prefix_path) using defaults
[18.442s] Level 5:colcon.colcon_core.verb:set package 'my_robot_controller' build argument 'cmake_args' from command line to 'None'
[18.445s] Level 5:colcon.colcon_core.verb:set package 'my_robot_controller' build argument 'cmake_target' from command line to 'None'
[18.450s] Level 5:colcon.colcon_core.verb:set package 'my_robot_controller' build argument 'cmake_target_skip_unavailable' from command line to 'False'
[18.453s] Level 5:colcon.colcon_core.verb:set package 'my_robot_controller' build argument 'cmake_clean_cache' from command line to 'False'
[18.453s] Level 5:colcon.colcon_core.verb:set package 'my_robot_controller' build argument 'cmake_clean_first' from command line to 'False'
[18.453s] Level 5:colcon.colcon_core.verb:set package 'my_robot_controller' build argument 'cmake_force_configure' from command line to 'False'
[18.453s] Level 5:colcon.colcon_core.verb:set package 'my_robot_controller' build argument 'ament_cmake_args' from command line to 'None'
[18.453s] Level 5:colcon.colcon_core.verb:set package 'my_robot_controller' build argument 'catkin_cmake_args' from command line to 'None'
[18.454s] Level 5:colcon.colcon_core.verb:set package 'my_robot_controller' build argument 'catkin_skip_building_tests' from command line to 'False'
[18.454s] DEBUG:colcon.colcon_core.verb:Building package 'my_robot_controller' with the following arguments: {'ament_cmake_args': None, 'build_base': '/home/mario/ros2/src/build/my_robot_controller', 'catkin_cmake_args': None, 'catkin_skip_building_tests': False, 'cmake_args': None, 'cmake_clean_cache': False, 'cmake_clean_first': False, 'cmake_force_configure': False, 'cmake_target': None, 'cmake_target_skip_unavailable': False, 'install_base': '/home/mario/ros2/src/install/my_robot_controller', 'merge_install': False, 'path': '/home/mario/ros2/src/my_robot_controller', 'symlink_install': True, 'test_result_base': None}
[18.613s] INFO:colcon.colcon_core.executor:Executing jobs using 'parallel' executor
[18.815s] DEBUG:colcon.colcon_parallel_executor.executor.parallel:run_until_complete
[18.817s] INFO:colcon.colcon_ros.task.ament_python.build:Building ROS package in '/home/mario/ros2/src/my_robot_controller' with build type 'ament_python'
[18.821s] Level 1:colcon.colcon_core.shell:create_environment_hook('my_robot_controller', 'ament_prefix_path')
[19.033s] INFO:colcon.colcon_core.plugin_system:Skipping extension 'colcon_core.shell.bat': Not used on non-Windows systems
[19.035s] INFO:colcon.colcon_core.shell:Creating environment hook '/home/mario/ros2/src/install/my_robot_controller/share/my_robot_controller/hook/ament_prefix_path.ps1'
[19.048s] INFO:colcon.colcon_core.shell:Creating environment descriptor '/home/mario/ros2/src/install/my_robot_controller/share/my_robot_controller/hook/ament_prefix_path.dsv'
[19.061s] INFO:colcon.colcon_core.shell:Creating environment hook '/home/mario/ros2/src/install/my_robot_controller/share/my_robot_controller/hook/ament_prefix_path.sh'
[19.329s] INFO:colcon.colcon_core.shell:Skip shell extension 'powershell' for command environment: Not usable outside of PowerShell
[19.330s] DEBUG:colcon.colcon_core.shell:Skip shell extension 'dsv' for command environment
[24.135s] INFO:colcon.colcon_core.task.python.build:Building Python package in '/home/mario/ros2/src/my_robot_controller'
[24.413s] INFO:colcon.colcon_core.shell:Skip shell extension 'powershell' for command environment: Not usable outside of PowerShell
[24.420s] DEBUG:colcon.colcon_core.shell:Skip shell extension 'dsv' for command environment
[30.958s] DEBUG:colcon.colcon_core.event_handler.log_command:Invoking command in '/home/mario/ros2/src/build/my_robot_controller': PYTHONPATH=/home/mario/ros2/src/build/my_robot_controller/prefix_override:/home/mario/ros2/src/install/my_robot_controller/lib/python3.10/site-packages:${PYTHONPATH} /usr/bin/python3 setup.py develop --editable --build-directory /home/mario/ros2/src/build/my_robot_controller/build --no-deps install_data
[38.864s] Level 1:colcon.colcon_core.shell:create_environment_hook('my_robot_controller', 'pythonpath_develop')
[38.866s] DEBUG:colcon.colcon_core.event_handler.log_command:Invoked command in '/home/mario/ros2/src/build/my_robot_controller' returned '0': PYTHONPATH=/home/mario/ros2/src/build/my_robot_controller/prefix_override:/home/mario/ros2/src/install/my_robot_controller/lib/python3.10/site-packages:${PYTHONPATH} /usr/bin/python3 setup.py develop --editable --build-directory /home/mario/ros2/src/build/my_robot_controller/build --no-deps install_data
[39.129s] INFO:colcon.colcon_core.shell:Creating environment hook '/home/mario/ros2/src/build/my_robot_controller/share/my_robot_controller/hook/pythonpath_develop.ps1'
[39.138s] INFO:colcon.colcon_core.shell:Creating environment descriptor '/home/mario/ros2/src/build/my_robot_controller/share/my_robot_controller/hook/pythonpath_develop.dsv'
[39.140s] INFO:colcon.colcon_core.shell:Creating environment hook '/home/mario/ros2/src/build/my_robot_controller/share/my_robot_controller/hook/pythonpath_develop.sh'
[39.429s] Level 1:colcon.colcon_core.environment:checking '/home/mario/ros2/src/install/my_robot_controller' for CMake module files
[39.432s] Level 1:colcon.colcon_core.environment:checking '/home/mario/ros2/src/install/my_robot_controller' for CMake config files
[39.445s] Level 1:colcon.colcon_core.environment:checking '/home/mario/ros2/src/install/my_robot_controller/lib'
[39.446s] Level 1:colcon.colcon_core.environment:checking '/home/mario/ros2/src/install/my_robot_controller/bin'
[39.446s] Level 1:colcon.colcon_core.environment:checking '/home/mario/ros2/src/install/my_robot_controller/lib/pkgconfig/my_robot_controller.pc'
[39.448s] Level 1:colcon.colcon_core.environment:checking '/home/mario/ros2/src/install/my_robot_controller/lib/python3.10/site-packages'
[39.448s] Level 1:colcon.colcon_core.shell:create_environment_hook('my_robot_controller', 'pythonpath')
[39.695s] INFO:colcon.colcon_core.shell:Creating environment hook '/home/mario/ros2/src/install/my_robot_controller/share/my_robot_controller/hook/pythonpath.ps1'
[39.701s] INFO:colcon.colcon_core.shell:Creating environment descriptor '/home/mario/ros2/src/install/my_robot_controller/share/my_robot_controller/hook/pythonpath.dsv'
[39.707s] INFO:colcon.colcon_core.shell:Creating environment hook '/home/mario/ros2/src/install/my_robot_controller/share/my_robot_controller/hook/pythonpath.sh'
[39.713s] Level 1:colcon.colcon_core.environment:checking '/home/mario/ros2/src/install/my_robot_controller/bin'
[39.719s] Level 1:colcon.colcon_core.environment:create_environment_scripts_only(my_robot_controller)
[39.989s] INFO:colcon.colcon_core.shell:Creating package script '/home/mario/ros2/src/install/my_robot_controller/share/my_robot_controller/package.ps1'
[40.010s] INFO:colcon.colcon_core.shell:Creating package descriptor '/home/mario/ros2/src/install/my_robot_controller/share/my_robot_controller/package.dsv'
[40.018s] INFO:colcon.colcon_core.shell:Creating package script '/home/mario/ros2/src/install/my_robot_controller/share/my_robot_controller/package.sh'
[40.028s] INFO:colcon.colcon_core.shell:Creating package script '/home/mario/ros2/src/install/my_robot_controller/share/my_robot_controller/package.bash'
[40.046s] INFO:colcon.colcon_core.shell:Creating package script '/home/mario/ros2/src/install/my_robot_controller/share/my_robot_controller/package.zsh'
[40.062s] Level 1:colcon.colcon_core.environment:create_file_with_runtime_dependencies(/home/mario/ros2/src/install/my_robot_controller/share/colcon-core/packages/my_robot_controller)
[40.065s] DEBUG:colcon.colcon_parallel_executor.executor.parallel:closing loop
[40.066s] DEBUG:colcon.colcon_parallel_executor.executor.parallel:loop closed
[40.066s] DEBUG:colcon.colcon_parallel_executor.executor.parallel:run_until_complete finished with '0'
[40.067s] DEBUG:colcon.colcon_core.event_reactor:joining thread
[40.343s] INFO:colcon.colcon_core.plugin_system:Skipping extension 'colcon_notification.desktop_notification.terminal_notifier': Not used on non-Darwin systems
[40.345s] INFO:colcon.colcon_core.plugin_system:Skipping extension 'colcon_notification.desktop_notification.win32': Not used on non-Windows systems
[40.348s] INFO:colcon.colcon_notification.desktop_notification:Sending desktop notification using 'notify2'
[40.525s] DEBUG:colcon.colcon_core.event_reactor:joined thread
[40.760s] INFO:colcon.colcon_core.shell:Creating prefix script '/home/mario/ros2/src/install/local_setup.ps1'
[40.766s] INFO:colcon.colcon_core.shell:Creating prefix util module '/home/mario/ros2/src/install/_local_setup_util_ps1.py'
[40.794s] INFO:colcon.colcon_core.shell:Creating prefix chain script '/home/mario/ros2/src/install/setup.ps1'
[41.054s] INFO:colcon.colcon_core.shell:Creating prefix script '/home/mario/ros2/src/install/local_setup.sh'
[41.057s] INFO:colcon.colcon_core.shell:Creating prefix util module '/home/mario/ros2/src/install/_local_setup_util_sh.py'
[41.070s] INFO:colcon.colcon_core.shell:Creating prefix chain script '/home/mario/ros2/src/install/setup.sh'
[41.390s] INFO:colcon.colcon_core.shell:Creating prefix script '/home/mario/ros2/src/install/local_setup.bash'
[41.394s] INFO:colcon.colcon_core.shell:Creating prefix chain script '/home/mario/ros2/src/install/setup.bash'
[41.577s] INFO:colcon.colcon_core.shell:Creating prefix script '/home/mario/ros2/src/install/local_setup.zsh'
[41.581s] INFO:colcon.colcon_core.shell:Creating prefix chain script '/home/mario/ros2/src/install/setup.zsh'
