[6.462s] Invoking command in '/home/mario/ros2/src/build/my_robot_controller': PYTHONPATH=/home/mario/ros2/src/build/my_robot_controller/prefix_override:/home/mario/ros2/src/install/my_robot_controller/lib/python3.10/site-packages:${PYTHONPATH} /usr/bin/python3 setup.py develop --editable --build-directory /home/mario/ros2/src/build/my_robot_controller/build --no-deps install_data
[9.245s] running develop
[10.799s] running egg_info
[10.800s] writing my_robot_controller.egg-info/PKG-INFO
[10.803s] writing dependency_links to my_robot_controller.egg-info/dependency_links.txt
[10.804s] writing entry points to my_robot_controller.egg-info/entry_points.txt
[10.806s] writing requirements to my_robot_controller.egg-info/requires.txt
[10.808s] writing top-level names to my_robot_controller.egg-info/top_level.txt
[10.832s] reading manifest file 'my_robot_controller.egg-info/SOURCES.txt'
[10.833s] writing manifest file 'my_robot_controller.egg-info/SOURCES.txt'
[10.841s] running build_ext
[10.844s] Creating /home/mario/ros2/src/install/my_robot_controller/lib/python3.10/site-packages/my-robot-controller.egg-link (link to .)
[10.849s] Installing draw_circle script to /home/mario/ros2/src/install/my_robot_controller/lib/my_robot_controller
[10.851s] Installing pose_subscriber script to /home/mario/ros2/src/install/my_robot_controller/lib/my_robot_controller
[10.852s] Installing test_node script to /home/mario/ros2/src/install/my_robot_controller/lib/my_robot_controller
[10.854s] Installing turtle_pid script to /home/mario/ros2/src/install/my_robot_controller/lib/my_robot_controller
[10.856s] 
[10.857s] Installed /home/mario/ros2/src/build/my_robot_controller
[10.859s] running install_data
[11.052s] Invoked command in '/home/mario/ros2/src/build/my_robot_controller' returned '0': PYTHONPATH=/home/mario/ros2/src/build/my_robot_controller/prefix_override:/home/mario/ros2/src/install/my_robot_controller/lib/python3.10/site-packages:${PYTHONPATH} /usr/bin/python3 setup.py develop --editable --build-directory /home/mario/ros2/src/build/my_robot_controller/build --no-deps install_data
