[6.095s] Invoking command in '/home/mario/ros2/build/my_robot_controller': PYTHONPATH=/home/mario/ros2/build/my_robot_controller/prefix_override:/home/mario/ros2/install/my_robot_controller/lib/python3.10/site-packages:${PYTHONPATH} /usr/bin/python3 setup.py develop --editable --build-directory /home/mario/ros2/build/my_robot_controller/build --no-deps install_data
[8.217s] running develop
[9.590s] running egg_info
[9.591s] writing my_robot_controller.egg-info/PKG-INFO
[9.593s] writing dependency_links to my_robot_controller.egg-info/dependency_links.txt
[9.594s] writing entry points to my_robot_controller.egg-info/entry_points.txt
[9.595s] writing requirements to my_robot_controller.egg-info/requires.txt
[9.596s] writing top-level names to my_robot_controller.egg-info/top_level.txt
[9.608s] reading manifest file 'my_robot_controller.egg-info/SOURCES.txt'
[9.614s] writing manifest file 'my_robot_controller.egg-info/SOURCES.txt'
[9.623s] running build_ext
[9.626s] Creating /home/mario/ros2/install/my_robot_controller/lib/python3.10/site-packages/my-robot-controller.egg-link (link to .)
[9.632s] Installing draw_circle script to /home/mario/ros2/install/my_robot_controller/lib/my_robot_controller
[9.635s] Installing pose_subscriber script to /home/mario/ros2/install/my_robot_controller/lib/my_robot_controller
[9.638s] Installing test_node script to /home/mario/ros2/install/my_robot_controller/lib/my_robot_controller
[9.640s] Installing turtle_controller script to /home/mario/ros2/install/my_robot_controller/lib/my_robot_controller
[9.643s] 
[9.644s] Installed /home/mario/ros2/build/my_robot_controller
[9.646s] running install_data
[9.836s] Invoked command in '/home/mario/ros2/build/my_robot_controller' returned '0': PYTHONPATH=/home/mario/ros2/build/my_robot_controller/prefix_override:/home/mario/ros2/install/my_robot_controller/lib/python3.10/site-packages:${PYTHONPATH} /usr/bin/python3 setup.py develop --editable --build-directory /home/mario/ros2/build/my_robot_controller/build --no-deps install_data
