[5.943s] Invoking command in '/home/mario/ros2/build/my_robot_controller': PYTHONPATH=/home/mario/ros2/build/my_robot_controller/prefix_override:/home/mario/ros2/install/my_robot_controller/lib/python3.10/site-packages:${PYTHONPATH} /usr/bin/python3 setup.py develop --editable --build-directory /home/mario/ros2/build/my_robot_controller/build --no-deps install_data
[8.533s] running develop
[9.892s] running egg_info
[9.893s] creating my_robot_controller.egg-info
[9.893s] writing my_robot_controller.egg-info/PKG-INFO
[9.894s] writing dependency_links to my_robot_controller.egg-info/dependency_links.txt
[9.895s] writing entry points to my_robot_controller.egg-info/entry_points.txt
[9.896s] writing requirements to my_robot_controller.egg-info/requires.txt
[9.897s] writing top-level names to my_robot_controller.egg-info/top_level.txt
[9.897s] writing manifest file 'my_robot_controller.egg-info/SOURCES.txt'
[9.905s] reading manifest file 'my_robot_controller.egg-info/SOURCES.txt'
[9.911s] writing manifest file 'my_robot_controller.egg-info/SOURCES.txt'
[9.920s] running build_ext
[9.921s] Creating /home/mario/ros2/install/my_robot_controller/lib/python3.10/site-packages/my-robot-controller.egg-link (link to .)
[9.924s] Installing draw_circle script to /home/mario/ros2/install/my_robot_controller/lib/my_robot_controller
[9.926s] 
[9.927s] Installed /home/mario/ros2/build/my_robot_controller
[9.928s] running install_data
[9.928s] creating /home/mario/ros2/install/my_robot_controller/share/ament_index
[9.929s] creating /home/mario/ros2/install/my_robot_controller/share/ament_index/resource_index
[9.929s] creating /home/mario/ros2/install/my_robot_controller/share/ament_index/resource_index/packages
[9.930s] copying resource/my_robot_controller -> /home/mario/ros2/install/my_robot_controller/share/ament_index/resource_index/packages
[9.930s] copying package.xml -> /home/mario/ros2/install/my_robot_controller/share/my_robot_controller
[10.169s] Invoked command in '/home/mario/ros2/build/my_robot_controller' returned '0': PYTHONPATH=/home/mario/ros2/build/my_robot_controller/prefix_override:/home/mario/ros2/install/my_robot_controller/lib/python3.10/site-packages:${PYTHONPATH} /usr/bin/python3 setup.py develop --editable --build-directory /home/mario/ros2/build/my_robot_controller/build --no-deps install_data
