[6.190s] Invoking command in '/home/mario/ros2/build/my_robot_controller': PYTHONPATH=/home/mario/ros2/build/my_robot_controller/prefix_override:/home/mario/ros2/install/my_robot_controller/lib/python3.10/site-packages:${PYTHONPATH} /usr/bin/python3 setup.py develop --editable --build-directory /home/mario/ros2/build/my_robot_controller/build --no-deps install_data
[8.379s] running develop
[9.732s] running egg_info
[9.734s] writing my_robot_controller.egg-info/PKG-INFO
[9.734s] writing dependency_links to my_robot_controller.egg-info/dependency_links.txt
[9.736s] writing entry points to my_robot_controller.egg-info/entry_points.txt
[9.738s] writing requirements to my_robot_controller.egg-info/requires.txt
[9.739s] writing top-level names to my_robot_controller.egg-info/top_level.txt
[9.748s] reading manifest file 'my_robot_controller.egg-info/SOURCES.txt'
[9.754s] writing manifest file 'my_robot_controller.egg-info/SOURCES.txt'
[9.761s] running build_ext
[9.763s] Creating /home/mario/ros2/install/my_robot_controller/lib/python3.10/site-packages/my-robot-controller.egg-link (link to .)
[9.768s] Installing draw_circle script to /home/mario/ros2/install/my_robot_controller/lib/my_robot_controller
[9.770s] Installing pose_subscriber script to /home/mario/ros2/install/my_robot_controller/lib/my_robot_controller
[9.771s] Installing test_node script to /home/mario/ros2/install/my_robot_controller/lib/my_robot_controller
[9.772s] Installing turtle_controller script to /home/mario/ros2/install/my_robot_controller/lib/my_robot_controller
[9.773s] 
[9.774s] Installed /home/mario/ros2/build/my_robot_controller
[9.775s] running install_data
[9.950s] Invoked command in '/home/mario/ros2/build/my_robot_controller' returned '0': PYTHONPATH=/home/mario/ros2/build/my_robot_controller/prefix_override:/home/mario/ros2/install/my_robot_controller/lib/python3.10/site-packages:${PYTHONPATH} /usr/bin/python3 setup.py develop --editable --build-directory /home/mario/ros2/build/my_robot_controller/build --no-deps install_data
