[7.261s] DEBUG:colcon:Command line arguments: ['/usr/bin/colcon', 'build', '--symlink-install']
[7.262s] DEBUG:colcon:Parsed command line arguments: Namespace(log_base=None, log_level=None, verb_name='build', build_base='build', install_base='install', merge_install=False, symlink_install=True, test_result_base=None, continue_on_error=False, executor='parallel', parallel_workers=2, event_handlers=None, ignore_user_meta=False, metas=['./colcon.meta'], base_paths=['.'], packages_ignore=None, packages_ignore_regex=None, paths=None, packages_up_to=None, packages_up_to_regex=None, packages_above=None, packages_above_and_dependencies=None, packages_above_depth=None, packages_select_by_dep=None, packages_skip_by_dep=None, packages_skip_up_to=None, packages_select_build_failed=False, packages_skip_build_finished=False, packages_select_test_failures=False, packages_skip_test_passed=False, packages_select=None, packages_skip=None, packages_select_regex=None, packages_skip_regex=None, packages_start=None, packages_end=None, allow_overriding=[], cmake_args=None, cmake_target=None, cmake_target_skip_unavailable=False, cmake_clean_cache=False, cmake_clean_first=False, cmake_force_configure=False, ament_cmake_args=None, catkin_cmake_args=None, catkin_skip_building_tests=False, verb_parser=<colcon_defaults.argument_parser.defaults.DefaultArgumentsDecorator object at 0x7f57835d6f50>, verb_extension=<colcon_core.verb.build.BuildVerb object at 0x7f57839dbf10>, main=<bound method BuildVerb.main of <colcon_core.verb.build.BuildVerb object at 0x7f57839dbf10>>)
[7.565s] Level 1:colcon.colcon_core.package_discovery:discover_packages(colcon_meta) check parameters
[7.566s] Level 1:colcon.colcon_core.package_discovery:discover_packages(recursive) check parameters
[7.566s] Level 1:colcon.colcon_core.package_discovery:discover_packages(ignore) check parameters
[7.566s] Level 1:colcon.colcon_core.package_discovery:discover_packages(path) check parameters
[7.566s] Level 1:colcon.colcon_core.package_discovery:discover_packages(colcon_meta) discover
[7.567s] Level 1:colcon.colcon_core.package_discovery:discover_packages(recursive) discover
[7.567s] INFO:colcon.colcon_core.package_discovery:Crawling recursively for packages in '/home/mario/ros2'
[7.568s] Level 1:colcon.colcon_core.package_identification:_identify(.) by extensions ['ignore', 'ignore_ament_install']
[7.568s] Level 1:colcon.colcon_core.package_identification:_identify(.) by extension 'ignore'
[7.568s] Level 1:colcon.colcon_core.package_identification:_identify(.) by extension 'ignore_ament_install'
[7.569s] Level 1:colcon.colcon_core.package_identification:_identify(.) by extensions ['colcon_pkg']
[7.569s] Level 1:colcon.colcon_core.package_identification:_identify(.) by extension 'colcon_pkg'
[7.569s] Level 1:colcon.colcon_core.package_identification:_identify(.) by extensions ['colcon_meta']
[7.569s] Level 1:colcon.colcon_core.package_identification:_identify(.) by extension 'colcon_meta'
[7.570s] Level 1:colcon.colcon_core.package_identification:_identify(.) by extensions ['ros']
[7.570s] Level 1:colcon.colcon_core.package_identification:_identify(.) by extension 'ros'
[7.646s] Level 1:colcon.colcon_core.package_identification:_identify(.) by extensions ['cmake', 'python']
[7.647s] Level 1:colcon.colcon_core.package_identification:_identify(.) by extension 'cmake'
[7.647s] Level 1:colcon.colcon_core.package_identification:_identify(.) by extension 'python'
[7.647s] Level 1:colcon.colcon_core.package_identification:_identify(.) by extensions ['python_setup_py']
[7.648s] Level 1:colcon.colcon_core.package_identification:_identify(.) by extension 'python_setup_py'
[7.648s] Level 1:colcon.colcon_core.package_identification:_identify(build) by extensions ['ignore', 'ignore_ament_install']
[7.649s] Level 1:colcon.colcon_core.package_identification:_identify(build) by extension 'ignore'
[7.649s] Level 1:colcon.colcon_core.package_identification:_identify(build) ignored
[7.650s] Level 1:colcon.colcon_core.package_identification:_identify(install) by extensions ['ignore', 'ignore_ament_install']
[7.650s] Level 1:colcon.colcon_core.package_identification:_identify(install) by extension 'ignore'
[7.650s] Level 1:colcon.colcon_core.package_identification:_identify(install) ignored
[7.651s] Level 1:colcon.colcon_core.package_identification:_identify(log) by extensions ['ignore', 'ignore_ament_install']
[7.651s] Level 1:colcon.colcon_core.package_identification:_identify(log) by extension 'ignore'
[7.652s] Level 1:colcon.colcon_core.package_identification:_identify(log) ignored
[7.652s] Level 1:colcon.colcon_core.package_identification:_identify(src) by extensions ['ignore', 'ignore_ament_install']
[7.653s] Level 1:colcon.colcon_core.package_identification:_identify(src) by extension 'ignore'
[7.653s] Level 1:colcon.colcon_core.package_identification:_identify(src) by extension 'ignore_ament_install'
[7.653s] Level 1:colcon.colcon_core.package_identification:_identify(src) by extensions ['colcon_pkg']
[7.653s] Level 1:colcon.colcon_core.package_identification:_identify(src) by extension 'colcon_pkg'
[7.654s] Level 1:colcon.colcon_core.package_identification:_identify(src) by extensions ['colcon_meta']
[7.654s] Level 1:colcon.colcon_core.package_identification:_identify(src) by extension 'colcon_meta'
[7.654s] Level 1:colcon.colcon_core.package_identification:_identify(src) by extensions ['ros']
[7.654s] Level 1:colcon.colcon_core.package_identification:_identify(src) by extension 'ros'
[7.655s] Level 1:colcon.colcon_core.package_identification:_identify(src) by extensions ['cmake', 'python']
[7.655s] Level 1:colcon.colcon_core.package_identification:_identify(src) by extension 'cmake'
[7.655s] Level 1:colcon.colcon_core.package_identification:_identify(src) by extension 'python'
[7.656s] Level 1:colcon.colcon_core.package_identification:_identify(src) by extensions ['python_setup_py']
[7.656s] Level 1:colcon.colcon_core.package_identification:_identify(src) by extension 'python_setup_py'
[7.656s] Level 1:colcon.colcon_core.package_identification:_identify(src/my_robot_controller) by extensions ['ignore', 'ignore_ament_install']
[7.657s] Level 1:colcon.colcon_core.package_identification:_identify(src/my_robot_controller) by extension 'ignore'
[7.657s] Level 1:colcon.colcon_core.package_identification:_identify(src/my_robot_controller) by extension 'ignore_ament_install'
[7.657s] Level 1:colcon.colcon_core.package_identification:_identify(src/my_robot_controller) by extensions ['colcon_pkg']
[7.658s] Level 1:colcon.colcon_core.package_identification:_identify(src/my_robot_controller) by extension 'colcon_pkg'
[7.658s] Level 1:colcon.colcon_core.package_identification:_identify(src/my_robot_controller) by extensions ['colcon_meta']
[7.658s] Level 1:colcon.colcon_core.package_identification:_identify(src/my_robot_controller) by extension 'colcon_meta'
[7.658s] Level 1:colcon.colcon_core.package_identification:_identify(src/my_robot_controller) by extensions ['ros']
[7.658s] Level 1:colcon.colcon_core.package_identification:_identify(src/my_robot_controller) by extension 'ros'
[7.674s] DEBUG:colcon.colcon_core.package_identification:Package 'src/my_robot_controller' with type 'ros.ament_python' and name 'my_robot_controller'
[7.674s] Level 1:colcon.colcon_core.package_discovery:discover_packages(recursive) using defaults
[7.675s] Level 1:colcon.colcon_core.package_discovery:discover_packages(ignore) discover
[7.675s] Level 1:colcon.colcon_core.package_discovery:discover_packages(ignore) using defaults
[7.675s] Level 1:colcon.colcon_core.package_discovery:discover_packages(path) discover
[7.676s] Level 1:colcon.colcon_core.package_discovery:discover_packages(path) using defaults
[8.322s] Level 1:colcon.colcon_core.package_discovery:discover_packages(prefix_path) check parameters
[8.322s] Level 1:colcon.colcon_core.package_discovery:discover_packages(prefix_path) discover
[8.533s] DEBUG:colcon.colcon_installed_package_information.package_discovery:Found 0 installed packages in /home/mario/ros2/install
[8.641s] DEBUG:colcon.colcon_installed_package_information.package_discovery:Found 270 installed packages in /opt/ros/humble
[8.653s] Level 1:colcon.colcon_core.package_discovery:discover_packages(prefix_path) using defaults
[9.347s] Level 5:colcon.colcon_core.verb:set package 'my_robot_controller' build argument 'cmake_args' from command line to 'None'
[9.347s] Level 5:colcon.colcon_core.verb:set package 'my_robot_controller' build argument 'cmake_target' from command line to 'None'
[9.347s] Level 5:colcon.colcon_core.verb:set package 'my_robot_controller' build argument 'cmake_target_skip_unavailable' from command line to 'False'
[9.347s] Level 5:colcon.colcon_core.verb:set package 'my_robot_controller' build argument 'cmake_clean_cache' from command line to 'False'
[9.348s] Level 5:colcon.colcon_core.verb:set package 'my_robot_controller' build argument 'cmake_clean_first' from command line to 'False'
[9.348s] Level 5:colcon.colcon_core.verb:set package 'my_robot_controller' build argument 'cmake_force_configure' from command line to 'False'
[9.348s] Level 5:colcon.colcon_core.verb:set package 'my_robot_controller' build argument 'ament_cmake_args' from command line to 'None'
[9.348s] Level 5:colcon.colcon_core.verb:set package 'my_robot_controller' build argument 'catkin_cmake_args' from command line to 'None'
[9.348s] Level 5:colcon.colcon_core.verb:set package 'my_robot_controller' build argument 'catkin_skip_building_tests' from command line to 'False'
[9.349s] DEBUG:colcon.colcon_core.verb:Building package 'my_robot_controller' with the following arguments: {'ament_cmake_args': None, 'build_base': '/home/mario/ros2/build/my_robot_controller', 'catkin_cmake_args': None, 'catkin_skip_building_tests': False, 'cmake_args': None, 'cmake_clean_cache': False, 'cmake_clean_first': False, 'cmake_force_configure': False, 'cmake_target': None, 'cmake_target_skip_unavailable': False, 'install_base': '/home/mario/ros2/install/my_robot_controller', 'merge_install': False, 'path': '/home/mario/ros2/src/my_robot_controller', 'symlink_install': True, 'test_result_base': None}
[9.446s] INFO:colcon.colcon_core.executor:Executing jobs using 'parallel' executor
[9.546s] DEBUG:colcon.colcon_parallel_executor.executor.parallel:run_until_complete
[9.547s] INFO:colcon.colcon_ros.task.ament_python.build:Building ROS package in '/home/mario/ros2/src/my_robot_controller' with build type 'ament_python'
[9.548s] Level 1:colcon.colcon_core.shell:create_environment_hook('my_robot_controller', 'ament_prefix_path')
[9.686s] INFO:colcon.colcon_core.plugin_system:Skipping extension 'colcon_core.shell.bat': Not used on non-Windows systems
[9.688s] INFO:colcon.colcon_core.shell:Creating environment hook '/home/mario/ros2/install/my_robot_controller/share/my_robot_controller/hook/ament_prefix_path.ps1'
[9.692s] INFO:colcon.colcon_core.shell:Creating environment descriptor '/home/mario/ros2/install/my_robot_controller/share/my_robot_controller/hook/ament_prefix_path.dsv'
[9.696s] INFO:colcon.colcon_core.shell:Creating environment hook '/home/mario/ros2/install/my_robot_controller/share/my_robot_controller/hook/ament_prefix_path.sh'
[9.842s] INFO:colcon.colcon_core.shell:Skip shell extension 'powershell' for command environment: Not usable outside of PowerShell
[9.842s] DEBUG:colcon.colcon_core.shell:Skip shell extension 'dsv' for command environment
[12.389s] INFO:colcon.colcon_core.task.python.build:Building Python package in '/home/mario/ros2/src/my_robot_controller'
[12.503s] INFO:colcon.colcon_core.shell:Skip shell extension 'powershell' for command environment: Not usable outside of PowerShell
[12.504s] DEBUG:colcon.colcon_core.shell:Skip shell extension 'dsv' for command environment
[15.496s] DEBUG:colcon.colcon_core.event_handler.log_command:Invoking command in '/home/mario/ros2/build/my_robot_controller': PYTHONPATH=/home/mario/ros2/build/my_robot_controller/prefix_override:/home/mario/ros2/install/my_robot_controller/lib/python3.10/site-packages:${PYTHONPATH} /usr/bin/python3 setup.py develop --editable --build-directory /home/mario/ros2/build/my_robot_controller/build --no-deps install_data
[19.716s] Level 1:colcon.colcon_core.shell:create_environment_hook('my_robot_controller', 'pythonpath_develop')
[19.721s] DEBUG:colcon.colcon_core.event_handler.log_command:Invoked command in '/home/mario/ros2/build/my_robot_controller' returned '0': PYTHONPATH=/home/mario/ros2/build/my_robot_controller/prefix_override:/home/mario/ros2/install/my_robot_controller/lib/python3.10/site-packages:${PYTHONPATH} /usr/bin/python3 setup.py develop --editable --build-directory /home/mario/ros2/build/my_robot_controller/build --no-deps install_data
[19.872s] INFO:colcon.colcon_core.shell:Creating environment hook '/home/mario/ros2/build/my_robot_controller/share/my_robot_controller/hook/pythonpath_develop.ps1'
[19.878s] INFO:colcon.colcon_core.shell:Creating environment descriptor '/home/mario/ros2/build/my_robot_controller/share/my_robot_controller/hook/pythonpath_develop.dsv'
[19.881s] INFO:colcon.colcon_core.shell:Creating environment hook '/home/mario/ros2/build/my_robot_controller/share/my_robot_controller/hook/pythonpath_develop.sh'
[20.402s] Level 1:colcon.colcon_core.environment:checking '/home/mario/ros2/install/my_robot_controller' for CMake module files
[20.413s] Level 1:colcon.colcon_core.environment:checking '/home/mario/ros2/install/my_robot_controller' for CMake config files
[20.417s] Level 1:colcon.colcon_core.environment:checking '/home/mario/ros2/install/my_robot_controller/lib'
[20.419s] Level 1:colcon.colcon_core.environment:checking '/home/mario/ros2/install/my_robot_controller/bin'
[20.420s] Level 1:colcon.colcon_core.environment:checking '/home/mario/ros2/install/my_robot_controller/lib/pkgconfig/my_robot_controller.pc'
[20.423s] Level 1:colcon.colcon_core.environment:checking '/home/mario/ros2/install/my_robot_controller/lib/python3.10/site-packages'
[20.424s] Level 1:colcon.colcon_core.shell:create_environment_hook('my_robot_controller', 'pythonpath')
[20.647s] INFO:colcon.colcon_core.shell:Creating environment hook '/home/mario/ros2/install/my_robot_controller/share/my_robot_controller/hook/pythonpath.ps1'
[20.653s] INFO:colcon.colcon_core.shell:Creating environment descriptor '/home/mario/ros2/install/my_robot_controller/share/my_robot_controller/hook/pythonpath.dsv'
[20.657s] INFO:colcon.colcon_core.shell:Creating environment hook '/home/mario/ros2/install/my_robot_controller/share/my_robot_controller/hook/pythonpath.sh'
[20.662s] Level 1:colcon.colcon_core.environment:checking '/home/mario/ros2/install/my_robot_controller/bin'
[20.663s] Level 1:colcon.colcon_core.environment:create_environment_scripts_only(my_robot_controller)
[21.067s] INFO:colcon.colcon_core.shell:Creating package script '/home/mario/ros2/install/my_robot_controller/share/my_robot_controller/package.ps1'
[21.074s] INFO:colcon.colcon_core.shell:Creating package descriptor '/home/mario/ros2/install/my_robot_controller/share/my_robot_controller/package.dsv'
[21.079s] INFO:colcon.colcon_core.shell:Creating package script '/home/mario/ros2/install/my_robot_controller/share/my_robot_controller/package.sh'
[21.084s] INFO:colcon.colcon_core.shell:Creating package script '/home/mario/ros2/install/my_robot_controller/share/my_robot_controller/package.bash'
[21.088s] INFO:colcon.colcon_core.shell:Creating package script '/home/mario/ros2/install/my_robot_controller/share/my_robot_controller/package.zsh'
[21.095s] Level 1:colcon.colcon_core.environment:create_file_with_runtime_dependencies(/home/mario/ros2/install/my_robot_controller/share/colcon-core/packages/my_robot_controller)
[21.110s] DEBUG:colcon.colcon_parallel_executor.executor.parallel:closing loop
[21.111s] DEBUG:colcon.colcon_parallel_executor.executor.parallel:loop closed
[21.111s] DEBUG:colcon.colcon_parallel_executor.executor.parallel:run_until_complete finished with '0'
[21.112s] DEBUG:colcon.colcon_core.event_reactor:joining thread
[21.291s] INFO:colcon.colcon_core.plugin_system:Skipping extension 'colcon_notification.desktop_notification.terminal_notifier': Not used on non-Darwin systems
[21.292s] INFO:colcon.colcon_core.plugin_system:Skipping extension 'colcon_notification.desktop_notification.win32': Not used on non-Windows systems
[21.292s] INFO:colcon.colcon_notification.desktop_notification:Sending desktop notification using 'notify2'
[21.506s] DEBUG:colcon.colcon_core.event_reactor:joined thread
[21.670s] INFO:colcon.colcon_core.shell:Creating prefix script '/home/mario/ros2/install/local_setup.ps1'
[21.681s] INFO:colcon.colcon_core.shell:Creating prefix util module '/home/mario/ros2/install/_local_setup_util_ps1.py'
[21.695s] INFO:colcon.colcon_core.shell:Creating prefix chain script '/home/mario/ros2/install/setup.ps1'
[21.846s] INFO:colcon.colcon_core.shell:Creating prefix script '/home/mario/ros2/install/local_setup.sh'
[21.850s] INFO:colcon.colcon_core.shell:Creating prefix util module '/home/mario/ros2/install/_local_setup_util_sh.py'
[21.854s] INFO:colcon.colcon_core.shell:Creating prefix chain script '/home/mario/ros2/install/setup.sh'
[21.986s] INFO:colcon.colcon_core.shell:Creating prefix script '/home/mario/ros2/install/local_setup.bash'
[21.994s] INFO:colcon.colcon_core.shell:Creating prefix chain script '/home/mario/ros2/install/setup.bash'
[22.177s] INFO:colcon.colcon_core.shell:Creating prefix script '/home/mario/ros2/install/local_setup.zsh'
[22.183s] INFO:colcon.colcon_core.shell:Creating prefix chain script '/home/mario/ros2/install/setup.zsh'
