[9.211s] DEBUG:colcon:Command line arguments: ['/usr/bin/colcon', 'build', '--symlink-install']
[9.212s] DEBUG:colcon:Parsed command line arguments: Namespace(log_base=None, log_level=None, verb_name='build', build_base='build', install_base='install', merge_install=False, symlink_install=True, test_result_base=None, continue_on_error=False, executor='parallel', parallel_workers=2, event_handlers=None, ignore_user_meta=False, metas=['./colcon.meta'], base_paths=['.'], packages_ignore=None, packages_ignore_regex=None, paths=None, packages_up_to=None, packages_up_to_regex=None, packages_above=None, packages_above_and_dependencies=None, packages_above_depth=None, packages_select_by_dep=None, packages_skip_by_dep=None, packages_skip_up_to=None, packages_select_build_failed=False, packages_skip_build_finished=False, packages_select_test_failures=False, packages_skip_test_passed=False, packages_select=None, packages_skip=None, packages_select_regex=None, packages_skip_regex=None, packages_start=None, packages_end=None, allow_overriding=[], cmake_args=None, cmake_target=None, cmake_target_skip_unavailable=False, cmake_clean_cache=False, cmake_clean_first=False, cmake_force_configure=False, ament_cmake_args=None, catkin_cmake_args=None, catkin_skip_building_tests=False, verb_parser=<colcon_defaults.argument_parser.defaults.DefaultArgumentsDecorator object at 0x7f0d8a8c83d0>, verb_extension=<colcon_core.verb.build.BuildVerb object at 0x7f0d8acd7e50>, main=<bound method BuildVerb.main of <colcon_core.verb.build.BuildVerb object at 0x7f0d8acd7e50>>)
[9.653s] Level 1:colcon.colcon_core.package_discovery:discover_packages(colcon_meta) check parameters
[9.653s] Level 1:colcon.colcon_core.package_discovery:discover_packages(recursive) check parameters
[9.654s] Level 1:colcon.colcon_core.package_discovery:discover_packages(ignore) check parameters
[9.654s] Level 1:colcon.colcon_core.package_discovery:discover_packages(path) check parameters
[9.654s] Level 1:colcon.colcon_core.package_discovery:discover_packages(colcon_meta) discover
[9.654s] Level 1:colcon.colcon_core.package_discovery:discover_packages(recursive) discover
[9.655s] INFO:colcon.colcon_core.package_discovery:Crawling recursively for packages in '/home/mario/ros2'
[9.655s] Level 1:colcon.colcon_core.package_identification:_identify(.) by extensions ['ignore', 'ignore_ament_install']
[9.656s] Level 1:colcon.colcon_core.package_identification:_identify(.) by extension 'ignore'
[9.657s] Level 1:colcon.colcon_core.package_identification:_identify(.) by extension 'ignore_ament_install'
[9.657s] Level 1:colcon.colcon_core.package_identification:_identify(.) by extensions ['colcon_pkg']
[9.657s] Level 1:colcon.colcon_core.package_identification:_identify(.) by extension 'colcon_pkg'
[9.658s] Level 1:colcon.colcon_core.package_identification:_identify(.) by extensions ['colcon_meta']
[9.658s] Level 1:colcon.colcon_core.package_identification:_identify(.) by extension 'colcon_meta'
[9.658s] Level 1:colcon.colcon_core.package_identification:_identify(.) by extensions ['ros']
[9.658s] Level 1:colcon.colcon_core.package_identification:_identify(.) by extension 'ros'
[9.768s] Level 1:colcon.colcon_core.package_identification:_identify(.) by extensions ['cmake', 'python']
[9.768s] Level 1:colcon.colcon_core.package_identification:_identify(.) by extension 'cmake'
[9.769s] Level 1:colcon.colcon_core.package_identification:_identify(.) by extension 'python'
[9.769s] Level 1:colcon.colcon_core.package_identification:_identify(.) by extensions ['python_setup_py']
[9.769s] Level 1:colcon.colcon_core.package_identification:_identify(.) by extension 'python_setup_py'
[9.770s] Level 1:colcon.colcon_core.package_identification:_identify(build) by extensions ['ignore', 'ignore_ament_install']
[9.771s] Level 1:colcon.colcon_core.package_identification:_identify(build) by extension 'ignore'
[9.771s] Level 1:colcon.colcon_core.package_identification:_identify(build) ignored
[9.772s] Level 1:colcon.colcon_core.package_identification:_identify(install) by extensions ['ignore', 'ignore_ament_install']
[9.773s] Level 1:colcon.colcon_core.package_identification:_identify(install) by extension 'ignore'
[9.773s] Level 1:colcon.colcon_core.package_identification:_identify(install) ignored
[9.774s] Level 1:colcon.colcon_core.package_identification:_identify(log) by extensions ['ignore', 'ignore_ament_install']
[9.775s] Level 1:colcon.colcon_core.package_identification:_identify(log) by extension 'ignore'
[9.775s] Level 1:colcon.colcon_core.package_identification:_identify(log) ignored
[9.776s] Level 1:colcon.colcon_core.package_identification:_identify(src) by extensions ['ignore', 'ignore_ament_install']
[9.777s] Level 1:colcon.colcon_core.package_identification:_identify(src) by extension 'ignore'
[9.777s] Level 1:colcon.colcon_core.package_identification:_identify(src) by extension 'ignore_ament_install'
[9.777s] Level 1:colcon.colcon_core.package_identification:_identify(src) by extensions ['colcon_pkg']
[9.777s] Level 1:colcon.colcon_core.package_identification:_identify(src) by extension 'colcon_pkg'
[9.778s] Level 1:colcon.colcon_core.package_identification:_identify(src) by extensions ['colcon_meta']
[9.778s] Level 1:colcon.colcon_core.package_identification:_identify(src) by extension 'colcon_meta'
[9.778s] Level 1:colcon.colcon_core.package_identification:_identify(src) by extensions ['ros']
[9.779s] Level 1:colcon.colcon_core.package_identification:_identify(src) by extension 'ros'
[9.780s] Level 1:colcon.colcon_core.package_identification:_identify(src) by extensions ['cmake', 'python']
[9.780s] Level 1:colcon.colcon_core.package_identification:_identify(src) by extension 'cmake'
[9.780s] Level 1:colcon.colcon_core.package_identification:_identify(src) by extension 'python'
[9.781s] Level 1:colcon.colcon_core.package_identification:_identify(src) by extensions ['python_setup_py']
[9.781s] Level 1:colcon.colcon_core.package_identification:_identify(src) by extension 'python_setup_py'
[9.782s] Level 1:colcon.colcon_core.package_identification:_identify(src/build) by extensions ['ignore', 'ignore_ament_install']
[9.782s] Level 1:colcon.colcon_core.package_identification:_identify(src/build) by extension 'ignore'
[9.783s] Level 1:colcon.colcon_core.package_identification:_identify(src/build) ignored
[9.784s] Level 1:colcon.colcon_core.package_identification:_identify(src/install) by extensions ['ignore', 'ignore_ament_install']
[9.785s] Level 1:colcon.colcon_core.package_identification:_identify(src/install) by extension 'ignore'
[9.785s] Level 1:colcon.colcon_core.package_identification:_identify(src/install) ignored
[9.786s] Level 1:colcon.colcon_core.package_identification:_identify(src/log) by extensions ['ignore', 'ignore_ament_install']
[9.787s] Level 1:colcon.colcon_core.package_identification:_identify(src/log) by extension 'ignore'
[9.787s] Level 1:colcon.colcon_core.package_identification:_identify(src/log) ignored
[9.787s] Level 1:colcon.colcon_core.package_identification:_identify(src/my_robot_controller) by extensions ['ignore', 'ignore_ament_install']
[9.788s] Level 1:colcon.colcon_core.package_identification:_identify(src/my_robot_controller) by extension 'ignore'
[9.789s] Level 1:colcon.colcon_core.package_identification:_identify(src/my_robot_controller) by extension 'ignore_ament_install'
[9.789s] Level 1:colcon.colcon_core.package_identification:_identify(src/my_robot_controller) by extensions ['colcon_pkg']
[9.790s] Level 1:colcon.colcon_core.package_identification:_identify(src/my_robot_controller) by extension 'colcon_pkg'
[9.790s] Level 1:colcon.colcon_core.package_identification:_identify(src/my_robot_controller) by extensions ['colcon_meta']
[9.790s] Level 1:colcon.colcon_core.package_identification:_identify(src/my_robot_controller) by extension 'colcon_meta'
[9.790s] Level 1:colcon.colcon_core.package_identification:_identify(src/my_robot_controller) by extensions ['ros']
[9.791s] Level 1:colcon.colcon_core.package_identification:_identify(src/my_robot_controller) by extension 'ros'
[9.811s] DEBUG:colcon.colcon_core.package_identification:Package 'src/my_robot_controller' with type 'ros.ament_python' and name 'my_robot_controller'
[9.812s] Level 1:colcon.colcon_core.package_discovery:discover_packages(recursive) using defaults
[9.812s] Level 1:colcon.colcon_core.package_discovery:discover_packages(ignore) discover
[9.813s] Level 1:colcon.colcon_core.package_discovery:discover_packages(ignore) using defaults
[9.813s] Level 1:colcon.colcon_core.package_discovery:discover_packages(path) discover
[9.813s] Level 1:colcon.colcon_core.package_discovery:discover_packages(path) using defaults
[10.622s] Level 1:colcon.colcon_core.package_discovery:discover_packages(prefix_path) check parameters
[10.622s] Level 1:colcon.colcon_core.package_discovery:discover_packages(prefix_path) discover
[10.894s] DEBUG:colcon.colcon_installed_package_information.package_discovery:Found 1 installed packages in /home/mario/ros2/install
[11.031s] DEBUG:colcon.colcon_installed_package_information.package_discovery:Found 270 installed packages in /opt/ros/humble
[11.043s] Level 1:colcon.colcon_core.package_discovery:discover_packages(prefix_path) using defaults
[11.855s] Level 5:colcon.colcon_core.verb:set package 'my_robot_controller' build argument 'cmake_args' from command line to 'None'
[11.856s] Level 5:colcon.colcon_core.verb:set package 'my_robot_controller' build argument 'cmake_target' from command line to 'None'
[11.856s] Level 5:colcon.colcon_core.verb:set package 'my_robot_controller' build argument 'cmake_target_skip_unavailable' from command line to 'False'
[11.856s] Level 5:colcon.colcon_core.verb:set package 'my_robot_controller' build argument 'cmake_clean_cache' from command line to 'False'
[11.856s] Level 5:colcon.colcon_core.verb:set package 'my_robot_controller' build argument 'cmake_clean_first' from command line to 'False'
[11.857s] Level 5:colcon.colcon_core.verb:set package 'my_robot_controller' build argument 'cmake_force_configure' from command line to 'False'
[11.857s] Level 5:colcon.colcon_core.verb:set package 'my_robot_controller' build argument 'ament_cmake_args' from command line to 'None'
[11.857s] Level 5:colcon.colcon_core.verb:set package 'my_robot_controller' build argument 'catkin_cmake_args' from command line to 'None'
[11.857s] Level 5:colcon.colcon_core.verb:set package 'my_robot_controller' build argument 'catkin_skip_building_tests' from command line to 'False'
[11.857s] DEBUG:colcon.colcon_core.verb:Building package 'my_robot_controller' with the following arguments: {'ament_cmake_args': None, 'build_base': '/home/mario/ros2/build/my_robot_controller', 'catkin_cmake_args': None, 'catkin_skip_building_tests': False, 'cmake_args': None, 'cmake_clean_cache': False, 'cmake_clean_first': False, 'cmake_force_configure': False, 'cmake_target': None, 'cmake_target_skip_unavailable': False, 'install_base': '/home/mario/ros2/install/my_robot_controller', 'merge_install': False, 'path': '/home/mario/ros2/src/my_robot_controller', 'symlink_install': True, 'test_result_base': None}
[11.974s] INFO:colcon.colcon_core.executor:Executing jobs using 'parallel' executor
[12.088s] DEBUG:colcon.colcon_parallel_executor.executor.parallel:run_until_complete
[12.089s] INFO:colcon.colcon_ros.task.ament_python.build:Building ROS package in '/home/mario/ros2/src/my_robot_controller' with build type 'ament_python'
[12.089s] Level 1:colcon.colcon_core.shell:create_environment_hook('my_robot_controller', 'ament_prefix_path')
[12.342s] INFO:colcon.colcon_core.plugin_system:Skipping extension 'colcon_core.shell.bat': Not used on non-Windows systems
[12.345s] INFO:colcon.colcon_core.shell:Creating environment hook '/home/mario/ros2/install/my_robot_controller/share/my_robot_controller/hook/ament_prefix_path.ps1'
[12.350s] INFO:colcon.colcon_core.shell:Creating environment descriptor '/home/mario/ros2/install/my_robot_controller/share/my_robot_controller/hook/ament_prefix_path.dsv'
[12.354s] INFO:colcon.colcon_core.shell:Creating environment hook '/home/mario/ros2/install/my_robot_controller/share/my_robot_controller/hook/ament_prefix_path.sh'
[12.531s] INFO:colcon.colcon_core.shell:Skip shell extension 'powershell' for command environment: Not usable outside of PowerShell
[12.532s] DEBUG:colcon.colcon_core.shell:Skip shell extension 'dsv' for command environment
[15.767s] INFO:colcon.colcon_core.task.python.build:Building Python package in '/home/mario/ros2/src/my_robot_controller'
[15.939s] INFO:colcon.colcon_core.shell:Skip shell extension 'powershell' for command environment: Not usable outside of PowerShell
[15.939s] DEBUG:colcon.colcon_core.shell:Skip shell extension 'dsv' for command environment
[19.730s] DEBUG:colcon.colcon_core.event_handler.log_command:Invoking command in '/home/mario/ros2/build/my_robot_controller': PYTHONPATH=/home/mario/ros2/build/my_robot_controller/prefix_override:/home/mario/ros2/install/my_robot_controller/lib/python3.10/site-packages:${PYTHONPATH} /usr/bin/python3 setup.py develop --editable --build-directory /home/mario/ros2/build/my_robot_controller/build --no-deps install_data
[24.506s] Level 1:colcon.colcon_core.shell:create_environment_hook('my_robot_controller', 'pythonpath_develop')
[24.514s] DEBUG:colcon.colcon_core.event_handler.log_command:Invoked command in '/home/mario/ros2/build/my_robot_controller' returned '0': PYTHONPATH=/home/mario/ros2/build/my_robot_controller/prefix_override:/home/mario/ros2/install/my_robot_controller/lib/python3.10/site-packages:${PYTHONPATH} /usr/bin/python3 setup.py develop --editable --build-directory /home/mario/ros2/build/my_robot_controller/build --no-deps install_data
[24.679s] INFO:colcon.colcon_core.shell:Creating environment hook '/home/mario/ros2/build/my_robot_controller/share/my_robot_controller/hook/pythonpath_develop.ps1'
[24.691s] INFO:colcon.colcon_core.shell:Creating environment descriptor '/home/mario/ros2/build/my_robot_controller/share/my_robot_controller/hook/pythonpath_develop.dsv'
[24.694s] INFO:colcon.colcon_core.shell:Creating environment hook '/home/mario/ros2/build/my_robot_controller/share/my_robot_controller/hook/pythonpath_develop.sh'
[24.905s] Level 1:colcon.colcon_core.environment:checking '/home/mario/ros2/install/my_robot_controller' for CMake module files
[24.912s] Level 1:colcon.colcon_core.environment:checking '/home/mario/ros2/install/my_robot_controller' for CMake config files
[24.918s] Level 1:colcon.colcon_core.environment:checking '/home/mario/ros2/install/my_robot_controller/lib'
[24.920s] Level 1:colcon.colcon_core.environment:checking '/home/mario/ros2/install/my_robot_controller/bin'
[24.921s] Level 1:colcon.colcon_core.environment:checking '/home/mario/ros2/install/my_robot_controller/lib/pkgconfig/my_robot_controller.pc'
[24.923s] Level 1:colcon.colcon_core.environment:checking '/home/mario/ros2/install/my_robot_controller/lib/python3.10/site-packages'
[24.923s] Level 1:colcon.colcon_core.shell:create_environment_hook('my_robot_controller', 'pythonpath')
[25.124s] INFO:colcon.colcon_core.shell:Creating environment hook '/home/mario/ros2/install/my_robot_controller/share/my_robot_controller/hook/pythonpath.ps1'
[25.127s] INFO:colcon.colcon_core.shell:Creating environment descriptor '/home/mario/ros2/install/my_robot_controller/share/my_robot_controller/hook/pythonpath.dsv'
[25.130s] INFO:colcon.colcon_core.shell:Creating environment hook '/home/mario/ros2/install/my_robot_controller/share/my_robot_controller/hook/pythonpath.sh'
[25.135s] Level 1:colcon.colcon_core.environment:checking '/home/mario/ros2/install/my_robot_controller/bin'
[25.135s] Level 1:colcon.colcon_core.environment:create_environment_scripts_only(my_robot_controller)
[25.284s] INFO:colcon.colcon_core.shell:Creating package script '/home/mario/ros2/install/my_robot_controller/share/my_robot_controller/package.ps1'
[25.292s] INFO:colcon.colcon_core.shell:Creating package descriptor '/home/mario/ros2/install/my_robot_controller/share/my_robot_controller/package.dsv'
[25.298s] INFO:colcon.colcon_core.shell:Creating package script '/home/mario/ros2/install/my_robot_controller/share/my_robot_controller/package.sh'
[25.304s] INFO:colcon.colcon_core.shell:Creating package script '/home/mario/ros2/install/my_robot_controller/share/my_robot_controller/package.bash'
[25.310s] INFO:colcon.colcon_core.shell:Creating package script '/home/mario/ros2/install/my_robot_controller/share/my_robot_controller/package.zsh'
[25.314s] Level 1:colcon.colcon_core.environment:create_file_with_runtime_dependencies(/home/mario/ros2/install/my_robot_controller/share/colcon-core/packages/my_robot_controller)
[25.317s] DEBUG:colcon.colcon_parallel_executor.executor.parallel:closing loop
[25.319s] DEBUG:colcon.colcon_parallel_executor.executor.parallel:loop closed
[25.320s] DEBUG:colcon.colcon_parallel_executor.executor.parallel:run_until_complete finished with '0'
[25.321s] DEBUG:colcon.colcon_core.event_reactor:joining thread
[25.581s] INFO:colcon.colcon_core.plugin_system:Skipping extension 'colcon_notification.desktop_notification.terminal_notifier': Not used on non-Darwin systems
[25.582s] INFO:colcon.colcon_core.plugin_system:Skipping extension 'colcon_notification.desktop_notification.win32': Not used on non-Windows systems
[25.582s] INFO:colcon.colcon_notification.desktop_notification:Sending desktop notification using 'notify2'
[25.703s] DEBUG:colcon.colcon_core.event_reactor:joined thread
[25.897s] INFO:colcon.colcon_core.shell:Creating prefix script '/home/mario/ros2/install/local_setup.ps1'
[25.906s] INFO:colcon.colcon_core.shell:Creating prefix util module '/home/mario/ros2/install/_local_setup_util_ps1.py'
[25.921s] INFO:colcon.colcon_core.shell:Creating prefix chain script '/home/mario/ros2/install/setup.ps1'
[26.120s] INFO:colcon.colcon_core.shell:Creating prefix script '/home/mario/ros2/install/local_setup.sh'
[26.126s] INFO:colcon.colcon_core.shell:Creating prefix util module '/home/mario/ros2/install/_local_setup_util_sh.py'
[26.130s] INFO:colcon.colcon_core.shell:Creating prefix chain script '/home/mario/ros2/install/setup.sh'
[26.329s] INFO:colcon.colcon_core.shell:Creating prefix script '/home/mario/ros2/install/local_setup.bash'
[26.334s] INFO:colcon.colcon_core.shell:Creating prefix chain script '/home/mario/ros2/install/setup.bash'
[26.520s] INFO:colcon.colcon_core.shell:Creating prefix script '/home/mario/ros2/install/local_setup.zsh'
[26.525s] INFO:colcon.colcon_core.shell:Creating prefix chain script '/home/mario/ros2/install/setup.zsh'
