[6.653s] Invoking command in '/home/mario/ros2/src/build/my_robot_controller': PYTHONPATH=/home/mario/ros2/src/build/my_robot_controller/prefix_override:/home/mario/ros2/src/install/my_robot_controller/lib/python3.10/site-packages:${PYTHONPATH} /usr/bin/python3 setup.py develop --editable --build-directory /home/mario/ros2/src/build/my_robot_controller/build --no-deps install_data
[9.124s] running develop
[10.744s] running egg_info
[10.747s] writing my_robot_controller.egg-info/PKG-INFO
[10.749s] writing dependency_links to my_robot_controller.egg-info/dependency_links.txt
[10.751s] writing entry points to my_robot_controller.egg-info/entry_points.txt
[10.753s] writing requirements to my_robot_controller.egg-info/requires.txt
[10.755s] writing top-level names to my_robot_controller.egg-info/top_level.txt
[10.767s] reading manifest file 'my_robot_controller.egg-info/SOURCES.txt'
[10.775s] writing manifest file 'my_robot_controller.egg-info/SOURCES.txt'
[10.784s] running build_ext
[10.787s] Creating /home/mario/ros2/src/install/my_robot_controller/lib/python3.10/site-packages/my-robot-controller.egg-link (link to .)
[10.792s] Installing draw_circle script to /home/mario/ros2/src/install/my_robot_controller/lib/my_robot_controller
[10.793s] Installing pose_subscriber script to /home/mario/ros2/src/install/my_robot_controller/lib/my_robot_controller
[10.795s] Installing test_node script to /home/mario/ros2/src/install/my_robot_controller/lib/my_robot_controller
[10.797s] Installing turtle_controller script to /home/mario/ros2/src/install/my_robot_controller/lib/my_robot_controller
[10.798s] Installing turtle_pid script to /home/mario/ros2/src/install/my_robot_controller/lib/my_robot_controller
[10.801s] 
[10.802s] Installed /home/mario/ros2/src/build/my_robot_controller
[10.803s] running install_data
[11.001s] Invoked command in '/home/mario/ros2/src/build/my_robot_controller' returned '0': PYTHONPATH=/home/mario/ros2/src/build/my_robot_controller/prefix_override:/home/mario/ros2/src/install/my_robot_controller/lib/python3.10/site-packages:${PYTHONPATH} /usr/bin/python3 setup.py develop --editable --build-directory /home/mario/ros2/src/build/my_robot_controller/build --no-deps install_data
