[8.929s] DEBUG:colcon:Command line arguments: ['/usr/bin/colcon', 'build', '--symlink-install']
[8.929s] DEBUG:colcon:Parsed command line arguments: Namespace(log_base=None, log_level=None, verb_name='build', build_base='build', install_base='install', merge_install=False, symlink_install=True, test_result_base=None, continue_on_error=False, executor='parallel', parallel_workers=2, event_handlers=None, ignore_user_meta=False, metas=['./colcon.meta'], base_paths=['.'], packages_ignore=None, packages_ignore_regex=None, paths=None, packages_up_to=None, packages_up_to_regex=None, packages_above=None, packages_above_and_dependencies=None, packages_above_depth=None, packages_select_by_dep=None, packages_skip_by_dep=None, packages_skip_up_to=None, packages_select_build_failed=False, packages_skip_build_finished=False, packages_select_test_failures=False, packages_skip_test_passed=False, packages_select=None, packages_skip=None, packages_select_regex=None, packages_skip_regex=None, packages_start=None, packages_end=None, allow_overriding=[], cmake_args=None, cmake_target=None, cmake_target_skip_unavailable=False, cmake_clean_cache=False, cmake_clean_first=False, cmake_force_configure=False, ament_cmake_args=None, catkin_cmake_args=None, catkin_skip_building_tests=False, verb_parser=<colcon_defaults.argument_parser.defaults.DefaultArgumentsDecorator object at 0x7fa5dcec8640>, verb_extension=<colcon_core.verb.build.BuildVerb object at 0x7fa5dd2d7e50>, main=<bound method BuildVerb.main of <colcon_core.verb.build.BuildVerb object at 0x7fa5dd2d7e50>>)
[9.271s] Level 1:colcon.colcon_core.package_discovery:discover_packages(colcon_meta) check parameters
[9.271s] Level 1:colcon.colcon_core.package_discovery:discover_packages(recursive) check parameters
[9.272s] Level 1:colcon.colcon_core.package_discovery:discover_packages(ignore) check parameters
[9.272s] Level 1:colcon.colcon_core.package_discovery:discover_packages(path) check parameters
[9.272s] Level 1:colcon.colcon_core.package_discovery:discover_packages(colcon_meta) discover
[9.272s] Level 1:colcon.colcon_core.package_discovery:discover_packages(recursive) discover
[9.272s] INFO:colcon.colcon_core.package_discovery:Crawling recursively for packages in '/home/mario/ros2'
[9.273s] Level 1:colcon.colcon_core.package_identification:_identify(.) by extensions ['ignore', 'ignore_ament_install']
[9.273s] Level 1:colcon.colcon_core.package_identification:_identify(.) by extension 'ignore'
[9.274s] Level 1:colcon.colcon_core.package_identification:_identify(.) by extension 'ignore_ament_install'
[9.274s] Level 1:colcon.colcon_core.package_identification:_identify(.) by extensions ['colcon_pkg']
[9.274s] Level 1:colcon.colcon_core.package_identification:_identify(.) by extension 'colcon_pkg'
[9.275s] Level 1:colcon.colcon_core.package_identification:_identify(.) by extensions ['colcon_meta']
[9.275s] Level 1:colcon.colcon_core.package_identification:_identify(.) by extension 'colcon_meta'
[9.275s] Level 1:colcon.colcon_core.package_identification:_identify(.) by extensions ['ros']
[9.275s] Level 1:colcon.colcon_core.package_identification:_identify(.) by extension 'ros'
[9.351s] Level 1:colcon.colcon_core.package_identification:_identify(.) by extensions ['cmake', 'python']
[9.351s] Level 1:colcon.colcon_core.package_identification:_identify(.) by extension 'cmake'
[9.352s] Level 1:colcon.colcon_core.package_identification:_identify(.) by extension 'python'
[9.352s] Level 1:colcon.colcon_core.package_identification:_identify(.) by extensions ['python_setup_py']
[9.352s] Level 1:colcon.colcon_core.package_identification:_identify(.) by extension 'python_setup_py'
[9.353s] Level 1:colcon.colcon_core.package_identification:_identify(build) by extensions ['ignore', 'ignore_ament_install']
[9.353s] Level 1:colcon.colcon_core.package_identification:_identify(build) by extension 'ignore'
[9.353s] Level 1:colcon.colcon_core.package_identification:_identify(build) ignored
[9.354s] Level 1:colcon.colcon_core.package_identification:_identify(install) by extensions ['ignore', 'ignore_ament_install']
[9.355s] Level 1:colcon.colcon_core.package_identification:_identify(install) by extension 'ignore'
[9.355s] Level 1:colcon.colcon_core.package_identification:_identify(install) ignored
[9.356s] Level 1:colcon.colcon_core.package_identification:_identify(log) by extensions ['ignore', 'ignore_ament_install']
[9.356s] Level 1:colcon.colcon_core.package_identification:_identify(log) by extension 'ignore'
[9.356s] Level 1:colcon.colcon_core.package_identification:_identify(log) ignored
[9.357s] Level 1:colcon.colcon_core.package_identification:_identify(src) by extensions ['ignore', 'ignore_ament_install']
[9.357s] Level 1:colcon.colcon_core.package_identification:_identify(src) by extension 'ignore'
[9.357s] Level 1:colcon.colcon_core.package_identification:_identify(src) by extension 'ignore_ament_install'
[9.358s] Level 1:colcon.colcon_core.package_identification:_identify(src) by extensions ['colcon_pkg']
[9.358s] Level 1:colcon.colcon_core.package_identification:_identify(src) by extension 'colcon_pkg'
[9.358s] Level 1:colcon.colcon_core.package_identification:_identify(src) by extensions ['colcon_meta']
[9.358s] Level 1:colcon.colcon_core.package_identification:_identify(src) by extension 'colcon_meta'
[9.359s] Level 1:colcon.colcon_core.package_identification:_identify(src) by extensions ['ros']
[9.359s] Level 1:colcon.colcon_core.package_identification:_identify(src) by extension 'ros'
[9.360s] Level 1:colcon.colcon_core.package_identification:_identify(src) by extensions ['cmake', 'python']
[9.360s] Level 1:colcon.colcon_core.package_identification:_identify(src) by extension 'cmake'
[9.360s] Level 1:colcon.colcon_core.package_identification:_identify(src) by extension 'python'
[9.361s] Level 1:colcon.colcon_core.package_identification:_identify(src) by extensions ['python_setup_py']
[9.361s] Level 1:colcon.colcon_core.package_identification:_identify(src) by extension 'python_setup_py'
[9.361s] Level 1:colcon.colcon_core.package_identification:_identify(src/build) by extensions ['ignore', 'ignore_ament_install']
[9.362s] Level 1:colcon.colcon_core.package_identification:_identify(src/build) by extension 'ignore'
[9.362s] Level 1:colcon.colcon_core.package_identification:_identify(src/build) ignored
[9.363s] Level 1:colcon.colcon_core.package_identification:_identify(src/install) by extensions ['ignore', 'ignore_ament_install']
[9.363s] Level 1:colcon.colcon_core.package_identification:_identify(src/install) by extension 'ignore'
[9.364s] Level 1:colcon.colcon_core.package_identification:_identify(src/install) ignored
[9.364s] Level 1:colcon.colcon_core.package_identification:_identify(src/log) by extensions ['ignore', 'ignore_ament_install']
[9.365s] Level 1:colcon.colcon_core.package_identification:_identify(src/log) by extension 'ignore'
[9.365s] Level 1:colcon.colcon_core.package_identification:_identify(src/log) ignored
[9.365s] Level 1:colcon.colcon_core.package_identification:_identify(src/my_robot_controller) by extensions ['ignore', 'ignore_ament_install']
[9.366s] Level 1:colcon.colcon_core.package_identification:_identify(src/my_robot_controller) by extension 'ignore'
[9.366s] Level 1:colcon.colcon_core.package_identification:_identify(src/my_robot_controller) by extension 'ignore_ament_install'
[9.366s] Level 1:colcon.colcon_core.package_identification:_identify(src/my_robot_controller) by extensions ['colcon_pkg']
[9.367s] Level 1:colcon.colcon_core.package_identification:_identify(src/my_robot_controller) by extension 'colcon_pkg'
[9.367s] Level 1:colcon.colcon_core.package_identification:_identify(src/my_robot_controller) by extensions ['colcon_meta']
[9.367s] Level 1:colcon.colcon_core.package_identification:_identify(src/my_robot_controller) by extension 'colcon_meta'
[9.367s] Level 1:colcon.colcon_core.package_identification:_identify(src/my_robot_controller) by extensions ['ros']
[9.368s] Level 1:colcon.colcon_core.package_identification:_identify(src/my_robot_controller) by extension 'ros'
[9.383s] DEBUG:colcon.colcon_core.package_identification:Package 'src/my_robot_controller' with type 'ros.ament_python' and name 'my_robot_controller'
[9.384s] Level 1:colcon.colcon_core.package_discovery:discover_packages(recursive) using defaults
[9.384s] Level 1:colcon.colcon_core.package_discovery:discover_packages(ignore) discover
[9.384s] Level 1:colcon.colcon_core.package_discovery:discover_packages(ignore) using defaults
[9.384s] Level 1:colcon.colcon_core.package_discovery:discover_packages(path) discover
[9.385s] Level 1:colcon.colcon_core.package_discovery:discover_packages(path) using defaults
[10.037s] Level 1:colcon.colcon_core.package_discovery:discover_packages(prefix_path) check parameters
[10.037s] Level 1:colcon.colcon_core.package_discovery:discover_packages(prefix_path) discover
[10.246s] DEBUG:colcon.colcon_installed_package_information.package_discovery:Found 1 installed packages in /home/mario/ros2/install
[10.356s] DEBUG:colcon.colcon_installed_package_information.package_discovery:Found 270 installed packages in /opt/ros/humble
[10.367s] Level 1:colcon.colcon_core.package_discovery:discover_packages(prefix_path) using defaults
[11.111s] Level 5:colcon.colcon_core.verb:set package 'my_robot_controller' build argument 'cmake_args' from command line to 'None'
[11.112s] Level 5:colcon.colcon_core.verb:set package 'my_robot_controller' build argument 'cmake_target' from command line to 'None'
[11.112s] Level 5:colcon.colcon_core.verb:set package 'my_robot_controller' build argument 'cmake_target_skip_unavailable' from command line to 'False'
[11.112s] Level 5:colcon.colcon_core.verb:set package 'my_robot_controller' build argument 'cmake_clean_cache' from command line to 'False'
[11.112s] Level 5:colcon.colcon_core.verb:set package 'my_robot_controller' build argument 'cmake_clean_first' from command line to 'False'
[11.113s] Level 5:colcon.colcon_core.verb:set package 'my_robot_controller' build argument 'cmake_force_configure' from command line to 'False'
[11.113s] Level 5:colcon.colcon_core.verb:set package 'my_robot_controller' build argument 'ament_cmake_args' from command line to 'None'
[11.113s] Level 5:colcon.colcon_core.verb:set package 'my_robot_controller' build argument 'catkin_cmake_args' from command line to 'None'
[11.113s] Level 5:colcon.colcon_core.verb:set package 'my_robot_controller' build argument 'catkin_skip_building_tests' from command line to 'False'
[11.114s] DEBUG:colcon.colcon_core.verb:Building package 'my_robot_controller' with the following arguments: {'ament_cmake_args': None, 'build_base': '/home/mario/ros2/build/my_robot_controller', 'catkin_cmake_args': None, 'catkin_skip_building_tests': False, 'cmake_args': None, 'cmake_clean_cache': False, 'cmake_clean_first': False, 'cmake_force_configure': False, 'cmake_target': None, 'cmake_target_skip_unavailable': False, 'install_base': '/home/mario/ros2/install/my_robot_controller', 'merge_install': False, 'path': '/home/mario/ros2/src/my_robot_controller', 'symlink_install': True, 'test_result_base': None}
[11.220s] INFO:colcon.colcon_core.executor:Executing jobs using 'parallel' executor
[11.331s] DEBUG:colcon.colcon_parallel_executor.executor.parallel:run_until_complete
[11.332s] INFO:colcon.colcon_ros.task.ament_python.build:Building ROS package in '/home/mario/ros2/src/my_robot_controller' with build type 'ament_python'
[11.333s] Level 1:colcon.colcon_core.shell:create_environment_hook('my_robot_controller', 'ament_prefix_path')
[11.491s] INFO:colcon.colcon_core.plugin_system:Skipping extension 'colcon_core.shell.bat': Not used on non-Windows systems
[11.492s] INFO:colcon.colcon_core.shell:Creating environment hook '/home/mario/ros2/install/my_robot_controller/share/my_robot_controller/hook/ament_prefix_path.ps1'
[11.499s] INFO:colcon.colcon_core.shell:Creating environment descriptor '/home/mario/ros2/install/my_robot_controller/share/my_robot_controller/hook/ament_prefix_path.dsv'
[11.502s] INFO:colcon.colcon_core.shell:Creating environment hook '/home/mario/ros2/install/my_robot_controller/share/my_robot_controller/hook/ament_prefix_path.sh'
[11.619s] INFO:colcon.colcon_core.shell:Skip shell extension 'powershell' for command environment: Not usable outside of PowerShell
[11.620s] DEBUG:colcon.colcon_core.shell:Skip shell extension 'dsv' for command environment
[14.233s] INFO:colcon.colcon_core.task.python.build:Building Python package in '/home/mario/ros2/src/my_robot_controller'
[14.354s] INFO:colcon.colcon_core.shell:Skip shell extension 'powershell' for command environment: Not usable outside of PowerShell
[14.355s] DEBUG:colcon.colcon_core.shell:Skip shell extension 'dsv' for command environment
[17.615s] DEBUG:colcon.colcon_core.event_handler.log_command:Invoking command in '/home/mario/ros2/build/my_robot_controller': PYTHONPATH=/home/mario/ros2/build/my_robot_controller/prefix_override:/home/mario/ros2/install/my_robot_controller/lib/python3.10/site-packages:${PYTHONPATH} /usr/bin/python3 setup.py develop --editable --build-directory /home/mario/ros2/build/my_robot_controller/build --no-deps install_data
[21.582s] Level 1:colcon.colcon_core.shell:create_environment_hook('my_robot_controller', 'pythonpath_develop')
[21.585s] DEBUG:colcon.colcon_core.event_handler.log_command:Invoked command in '/home/mario/ros2/build/my_robot_controller' returned '0': PYTHONPATH=/home/mario/ros2/build/my_robot_controller/prefix_override:/home/mario/ros2/install/my_robot_controller/lib/python3.10/site-packages:${PYTHONPATH} /usr/bin/python3 setup.py develop --editable --build-directory /home/mario/ros2/build/my_robot_controller/build --no-deps install_data
[21.692s] INFO:colcon.colcon_core.shell:Creating environment hook '/home/mario/ros2/build/my_robot_controller/share/my_robot_controller/hook/pythonpath_develop.ps1'
[21.695s] INFO:colcon.colcon_core.shell:Creating environment descriptor '/home/mario/ros2/build/my_robot_controller/share/my_robot_controller/hook/pythonpath_develop.dsv'
[21.698s] INFO:colcon.colcon_core.shell:Creating environment hook '/home/mario/ros2/build/my_robot_controller/share/my_robot_controller/hook/pythonpath_develop.sh'
[21.854s] Level 1:colcon.colcon_core.environment:checking '/home/mario/ros2/install/my_robot_controller' for CMake module files
[21.857s] Level 1:colcon.colcon_core.environment:checking '/home/mario/ros2/install/my_robot_controller' for CMake config files
[21.861s] Level 1:colcon.colcon_core.environment:checking '/home/mario/ros2/install/my_robot_controller/lib'
[21.862s] Level 1:colcon.colcon_core.environment:checking '/home/mario/ros2/install/my_robot_controller/bin'
[21.862s] Level 1:colcon.colcon_core.environment:checking '/home/mario/ros2/install/my_robot_controller/lib/pkgconfig/my_robot_controller.pc'
[21.864s] Level 1:colcon.colcon_core.environment:checking '/home/mario/ros2/install/my_robot_controller/lib/python3.10/site-packages'
[21.864s] Level 1:colcon.colcon_core.shell:create_environment_hook('my_robot_controller', 'pythonpath')
[22.032s] INFO:colcon.colcon_core.shell:Creating environment hook '/home/mario/ros2/install/my_robot_controller/share/my_robot_controller/hook/pythonpath.ps1'
[22.034s] INFO:colcon.colcon_core.shell:Creating environment descriptor '/home/mario/ros2/install/my_robot_controller/share/my_robot_controller/hook/pythonpath.dsv'
[22.039s] INFO:colcon.colcon_core.shell:Creating environment hook '/home/mario/ros2/install/my_robot_controller/share/my_robot_controller/hook/pythonpath.sh'
[22.043s] Level 1:colcon.colcon_core.environment:checking '/home/mario/ros2/install/my_robot_controller/bin'
[22.043s] Level 1:colcon.colcon_core.environment:create_environment_scripts_only(my_robot_controller)
[22.285s] INFO:colcon.colcon_core.shell:Creating package script '/home/mario/ros2/install/my_robot_controller/share/my_robot_controller/package.ps1'
[22.297s] INFO:colcon.colcon_core.shell:Creating package descriptor '/home/mario/ros2/install/my_robot_controller/share/my_robot_controller/package.dsv'
[22.302s] INFO:colcon.colcon_core.shell:Creating package script '/home/mario/ros2/install/my_robot_controller/share/my_robot_controller/package.sh'
[22.312s] INFO:colcon.colcon_core.shell:Creating package script '/home/mario/ros2/install/my_robot_controller/share/my_robot_controller/package.bash'
[22.320s] INFO:colcon.colcon_core.shell:Creating package script '/home/mario/ros2/install/my_robot_controller/share/my_robot_controller/package.zsh'
[22.328s] Level 1:colcon.colcon_core.environment:create_file_with_runtime_dependencies(/home/mario/ros2/install/my_robot_controller/share/colcon-core/packages/my_robot_controller)
[22.330s] DEBUG:colcon.colcon_parallel_executor.executor.parallel:closing loop
[22.331s] DEBUG:colcon.colcon_parallel_executor.executor.parallel:loop closed
[22.333s] DEBUG:colcon.colcon_parallel_executor.executor.parallel:run_until_complete finished with '0'
[22.333s] DEBUG:colcon.colcon_core.event_reactor:joining thread
[22.603s] INFO:colcon.colcon_core.plugin_system:Skipping extension 'colcon_notification.desktop_notification.terminal_notifier': Not used on non-Darwin systems
[22.604s] INFO:colcon.colcon_core.plugin_system:Skipping extension 'colcon_notification.desktop_notification.win32': Not used on non-Windows systems
[22.604s] INFO:colcon.colcon_notification.desktop_notification:Sending desktop notification using 'notify2'
[22.705s] DEBUG:colcon.colcon_core.event_reactor:joined thread
[22.921s] INFO:colcon.colcon_core.shell:Creating prefix script '/home/mario/ros2/install/local_setup.ps1'
[22.934s] INFO:colcon.colcon_core.shell:Creating prefix util module '/home/mario/ros2/install/_local_setup_util_ps1.py'
[22.955s] INFO:colcon.colcon_core.shell:Creating prefix chain script '/home/mario/ros2/install/setup.ps1'
[23.157s] INFO:colcon.colcon_core.shell:Creating prefix script '/home/mario/ros2/install/local_setup.sh'
[23.161s] INFO:colcon.colcon_core.shell:Creating prefix util module '/home/mario/ros2/install/_local_setup_util_sh.py'
[23.163s] INFO:colcon.colcon_core.shell:Creating prefix chain script '/home/mario/ros2/install/setup.sh'
[23.297s] INFO:colcon.colcon_core.shell:Creating prefix script '/home/mario/ros2/install/local_setup.bash'
[23.301s] INFO:colcon.colcon_core.shell:Creating prefix chain script '/home/mario/ros2/install/setup.bash'
[23.434s] INFO:colcon.colcon_core.shell:Creating prefix script '/home/mario/ros2/install/local_setup.zsh'
[23.439s] INFO:colcon.colcon_core.shell:Creating prefix chain script '/home/mario/ros2/install/setup.zsh'
