[8.020s] DEBUG:colcon:Command line arguments: ['/usr/bin/colcon', 'build', '--symlink-install']
[8.020s] DEBUG:colcon:Parsed command line arguments: Namespace(log_base=None, log_level=None, verb_name='build', build_base='build', install_base='install', merge_install=False, symlink_install=True, test_result_base=None, continue_on_error=False, executor='parallel', parallel_workers=2, event_handlers=None, ignore_user_meta=False, metas=['./colcon.meta'], base_paths=['.'], packages_ignore=None, packages_ignore_regex=None, paths=None, packages_up_to=None, packages_up_to_regex=None, packages_above=None, packages_above_and_dependencies=None, packages_above_depth=None, packages_select_by_dep=None, packages_skip_by_dep=None, packages_skip_up_to=None, packages_select_build_failed=False, packages_skip_build_finished=False, packages_select_test_failures=False, packages_skip_test_passed=False, packages_select=None, packages_skip=None, packages_select_regex=None, packages_skip_regex=None, packages_start=None, packages_end=None, allow_overriding=[], cmake_args=None, cmake_target=None, cmake_target_skip_unavailable=False, cmake_clean_cache=False, cmake_clean_first=False, cmake_force_configure=False, ament_cmake_args=None, catkin_cmake_args=None, catkin_skip_building_tests=False, verb_parser=<colcon_defaults.argument_parser.defaults.DefaultArgumentsDecorator object at 0x7f15824ca6e0>, verb_extension=<colcon_core.verb.build.BuildVerb object at 0x7f15828d7e50>, main=<bound method BuildVerb.main of <colcon_core.verb.build.BuildVerb object at 0x7f15828d7e50>>)
[8.339s] Level 1:colcon.colcon_core.package_discovery:discover_packages(colcon_meta) check parameters
[8.340s] Level 1:colcon.colcon_core.package_discovery:discover_packages(recursive) check parameters
[8.340s] Level 1:colcon.colcon_core.package_discovery:discover_packages(ignore) check parameters
[8.340s] Level 1:colcon.colcon_core.package_discovery:discover_packages(path) check parameters
[8.340s] Level 1:colcon.colcon_core.package_discovery:discover_packages(colcon_meta) discover
[8.341s] Level 1:colcon.colcon_core.package_discovery:discover_packages(recursive) discover
[8.341s] INFO:colcon.colcon_core.package_discovery:Crawling recursively for packages in '/home/mario/ros2'
[8.341s] Level 1:colcon.colcon_core.package_identification:_identify(.) by extensions ['ignore', 'ignore_ament_install']
[8.342s] Level 1:colcon.colcon_core.package_identification:_identify(.) by extension 'ignore'
[8.342s] Level 1:colcon.colcon_core.package_identification:_identify(.) by extension 'ignore_ament_install'
[8.343s] Level 1:colcon.colcon_core.package_identification:_identify(.) by extensions ['colcon_pkg']
[8.343s] Level 1:colcon.colcon_core.package_identification:_identify(.) by extension 'colcon_pkg'
[8.344s] Level 1:colcon.colcon_core.package_identification:_identify(.) by extensions ['colcon_meta']
[8.344s] Level 1:colcon.colcon_core.package_identification:_identify(.) by extension 'colcon_meta'
[8.344s] Level 1:colcon.colcon_core.package_identification:_identify(.) by extensions ['ros']
[8.344s] Level 1:colcon.colcon_core.package_identification:_identify(.) by extension 'ros'
[8.420s] Level 1:colcon.colcon_core.package_identification:_identify(.) by extensions ['cmake', 'python']
[8.421s] Level 1:colcon.colcon_core.package_identification:_identify(.) by extension 'cmake'
[8.421s] Level 1:colcon.colcon_core.package_identification:_identify(.) by extension 'python'
[8.421s] Level 1:colcon.colcon_core.package_identification:_identify(.) by extensions ['python_setup_py']
[8.422s] Level 1:colcon.colcon_core.package_identification:_identify(.) by extension 'python_setup_py'
[8.422s] Level 1:colcon.colcon_core.package_identification:_identify(build) by extensions ['ignore', 'ignore_ament_install']
[8.423s] Level 1:colcon.colcon_core.package_identification:_identify(build) by extension 'ignore'
[8.423s] Level 1:colcon.colcon_core.package_identification:_identify(build) ignored
[8.424s] Level 1:colcon.colcon_core.package_identification:_identify(install) by extensions ['ignore', 'ignore_ament_install']
[8.424s] Level 1:colcon.colcon_core.package_identification:_identify(install) by extension 'ignore'
[8.425s] Level 1:colcon.colcon_core.package_identification:_identify(install) ignored
[8.425s] Level 1:colcon.colcon_core.package_identification:_identify(log) by extensions ['ignore', 'ignore_ament_install']
[8.426s] Level 1:colcon.colcon_core.package_identification:_identify(log) by extension 'ignore'
[8.426s] Level 1:colcon.colcon_core.package_identification:_identify(log) ignored
[8.426s] Level 1:colcon.colcon_core.package_identification:_identify(src) by extensions ['ignore', 'ignore_ament_install']
[8.427s] Level 1:colcon.colcon_core.package_identification:_identify(src) by extension 'ignore'
[8.427s] Level 1:colcon.colcon_core.package_identification:_identify(src) by extension 'ignore_ament_install'
[8.428s] Level 1:colcon.colcon_core.package_identification:_identify(src) by extensions ['colcon_pkg']
[8.428s] Level 1:colcon.colcon_core.package_identification:_identify(src) by extension 'colcon_pkg'
[8.428s] Level 1:colcon.colcon_core.package_identification:_identify(src) by extensions ['colcon_meta']
[8.428s] Level 1:colcon.colcon_core.package_identification:_identify(src) by extension 'colcon_meta'
[8.429s] Level 1:colcon.colcon_core.package_identification:_identify(src) by extensions ['ros']
[8.429s] Level 1:colcon.colcon_core.package_identification:_identify(src) by extension 'ros'
[8.429s] Level 1:colcon.colcon_core.package_identification:_identify(src) by extensions ['cmake', 'python']
[8.429s] Level 1:colcon.colcon_core.package_identification:_identify(src) by extension 'cmake'
[8.430s] Level 1:colcon.colcon_core.package_identification:_identify(src) by extension 'python'
[8.430s] Level 1:colcon.colcon_core.package_identification:_identify(src) by extensions ['python_setup_py']
[8.430s] Level 1:colcon.colcon_core.package_identification:_identify(src) by extension 'python_setup_py'
[8.431s] Level 1:colcon.colcon_core.package_identification:_identify(src/build) by extensions ['ignore', 'ignore_ament_install']
[8.431s] Level 1:colcon.colcon_core.package_identification:_identify(src/build) by extension 'ignore'
[8.431s] Level 1:colcon.colcon_core.package_identification:_identify(src/build) ignored
[8.432s] Level 1:colcon.colcon_core.package_identification:_identify(src/install) by extensions ['ignore', 'ignore_ament_install']
[8.432s] Level 1:colcon.colcon_core.package_identification:_identify(src/install) by extension 'ignore'
[8.433s] Level 1:colcon.colcon_core.package_identification:_identify(src/install) ignored
[8.433s] Level 1:colcon.colcon_core.package_identification:_identify(src/log) by extensions ['ignore', 'ignore_ament_install']
[8.434s] Level 1:colcon.colcon_core.package_identification:_identify(src/log) by extension 'ignore'
[8.434s] Level 1:colcon.colcon_core.package_identification:_identify(src/log) ignored
[8.434s] Level 1:colcon.colcon_core.package_identification:_identify(src/my_robot_controller) by extensions ['ignore', 'ignore_ament_install']
[8.435s] Level 1:colcon.colcon_core.package_identification:_identify(src/my_robot_controller) by extension 'ignore'
[8.435s] Level 1:colcon.colcon_core.package_identification:_identify(src/my_robot_controller) by extension 'ignore_ament_install'
[8.436s] Level 1:colcon.colcon_core.package_identification:_identify(src/my_robot_controller) by extensions ['colcon_pkg']
[8.436s] Level 1:colcon.colcon_core.package_identification:_identify(src/my_robot_controller) by extension 'colcon_pkg'
[8.436s] Level 1:colcon.colcon_core.package_identification:_identify(src/my_robot_controller) by extensions ['colcon_meta']
[8.436s] Level 1:colcon.colcon_core.package_identification:_identify(src/my_robot_controller) by extension 'colcon_meta'
[8.437s] Level 1:colcon.colcon_core.package_identification:_identify(src/my_robot_controller) by extensions ['ros']
[8.437s] Level 1:colcon.colcon_core.package_identification:_identify(src/my_robot_controller) by extension 'ros'
[8.457s] DEBUG:colcon.colcon_core.package_identification:Package 'src/my_robot_controller' with type 'ros.ament_python' and name 'my_robot_controller'
[8.458s] Level 1:colcon.colcon_core.package_discovery:discover_packages(recursive) using defaults
[8.458s] Level 1:colcon.colcon_core.package_discovery:discover_packages(ignore) discover
[8.458s] Level 1:colcon.colcon_core.package_discovery:discover_packages(ignore) using defaults
[8.458s] Level 1:colcon.colcon_core.package_discovery:discover_packages(path) discover
[8.458s] Level 1:colcon.colcon_core.package_discovery:discover_packages(path) using defaults
[9.115s] Level 1:colcon.colcon_core.package_discovery:discover_packages(prefix_path) check parameters
[9.115s] Level 1:colcon.colcon_core.package_discovery:discover_packages(prefix_path) discover
[9.333s] DEBUG:colcon.colcon_installed_package_information.package_discovery:Found 1 installed packages in /home/mario/ros2/install
[9.454s] DEBUG:colcon.colcon_installed_package_information.package_discovery:Found 270 installed packages in /opt/ros/humble
[9.465s] Level 1:colcon.colcon_core.package_discovery:discover_packages(prefix_path) using defaults
[10.169s] Level 5:colcon.colcon_core.verb:set package 'my_robot_controller' build argument 'cmake_args' from command line to 'None'
[10.169s] Level 5:colcon.colcon_core.verb:set package 'my_robot_controller' build argument 'cmake_target' from command line to 'None'
[10.169s] Level 5:colcon.colcon_core.verb:set package 'my_robot_controller' build argument 'cmake_target_skip_unavailable' from command line to 'False'
[10.170s] Level 5:colcon.colcon_core.verb:set package 'my_robot_controller' build argument 'cmake_clean_cache' from command line to 'False'
[10.170s] Level 5:colcon.colcon_core.verb:set package 'my_robot_controller' build argument 'cmake_clean_first' from command line to 'False'
[10.170s] Level 5:colcon.colcon_core.verb:set package 'my_robot_controller' build argument 'cmake_force_configure' from command line to 'False'
[10.170s] Level 5:colcon.colcon_core.verb:set package 'my_robot_controller' build argument 'ament_cmake_args' from command line to 'None'
[10.170s] Level 5:colcon.colcon_core.verb:set package 'my_robot_controller' build argument 'catkin_cmake_args' from command line to 'None'
[10.170s] Level 5:colcon.colcon_core.verb:set package 'my_robot_controller' build argument 'catkin_skip_building_tests' from command line to 'False'
[10.171s] DEBUG:colcon.colcon_core.verb:Building package 'my_robot_controller' with the following arguments: {'ament_cmake_args': None, 'build_base': '/home/mario/ros2/build/my_robot_controller', 'catkin_cmake_args': None, 'catkin_skip_building_tests': False, 'cmake_args': None, 'cmake_clean_cache': False, 'cmake_clean_first': False, 'cmake_force_configure': False, 'cmake_target': None, 'cmake_target_skip_unavailable': False, 'install_base': '/home/mario/ros2/install/my_robot_controller', 'merge_install': False, 'path': '/home/mario/ros2/src/my_robot_controller', 'symlink_install': True, 'test_result_base': None}
[10.268s] INFO:colcon.colcon_core.executor:Executing jobs using 'parallel' executor
[10.370s] DEBUG:colcon.colcon_parallel_executor.executor.parallel:run_until_complete
[10.370s] INFO:colcon.colcon_ros.task.ament_python.build:Building ROS package in '/home/mario/ros2/src/my_robot_controller' with build type 'ament_python'
[10.371s] Level 1:colcon.colcon_core.shell:create_environment_hook('my_robot_controller', 'ament_prefix_path')
[10.502s] INFO:colcon.colcon_core.plugin_system:Skipping extension 'colcon_core.shell.bat': Not used on non-Windows systems
[10.504s] INFO:colcon.colcon_core.shell:Creating environment hook '/home/mario/ros2/install/my_robot_controller/share/my_robot_controller/hook/ament_prefix_path.ps1'
[10.507s] INFO:colcon.colcon_core.shell:Creating environment descriptor '/home/mario/ros2/install/my_robot_controller/share/my_robot_controller/hook/ament_prefix_path.dsv'
[10.510s] INFO:colcon.colcon_core.shell:Creating environment hook '/home/mario/ros2/install/my_robot_controller/share/my_robot_controller/hook/ament_prefix_path.sh'
[10.659s] INFO:colcon.colcon_core.shell:Skip shell extension 'powershell' for command environment: Not usable outside of PowerShell
[10.659s] DEBUG:colcon.colcon_core.shell:Skip shell extension 'dsv' for command environment
[13.166s] INFO:colcon.colcon_core.task.python.build:Building Python package in '/home/mario/ros2/src/my_robot_controller'
[13.285s] INFO:colcon.colcon_core.shell:Skip shell extension 'powershell' for command environment: Not usable outside of PowerShell
[13.286s] DEBUG:colcon.colcon_core.shell:Skip shell extension 'dsv' for command environment
[16.427s] DEBUG:colcon.colcon_core.event_handler.log_command:Invoking command in '/home/mario/ros2/build/my_robot_controller': PYTHONPATH=/home/mario/ros2/build/my_robot_controller/prefix_override:/home/mario/ros2/install/my_robot_controller/lib/python3.10/site-packages:${PYTHONPATH} /usr/bin/python3 setup.py develop --editable --build-directory /home/mario/ros2/build/my_robot_controller/build --no-deps install_data
[20.399s] Level 1:colcon.colcon_core.shell:create_environment_hook('my_robot_controller', 'pythonpath_develop')
[20.404s] DEBUG:colcon.colcon_core.event_handler.log_command:Invoked command in '/home/mario/ros2/build/my_robot_controller' returned '0': PYTHONPATH=/home/mario/ros2/build/my_robot_controller/prefix_override:/home/mario/ros2/install/my_robot_controller/lib/python3.10/site-packages:${PYTHONPATH} /usr/bin/python3 setup.py develop --editable --build-directory /home/mario/ros2/build/my_robot_controller/build --no-deps install_data
[20.519s] INFO:colcon.colcon_core.shell:Creating environment hook '/home/mario/ros2/build/my_robot_controller/share/my_robot_controller/hook/pythonpath_develop.ps1'
[20.521s] INFO:colcon.colcon_core.shell:Creating environment descriptor '/home/mario/ros2/build/my_robot_controller/share/my_robot_controller/hook/pythonpath_develop.dsv'
[20.523s] INFO:colcon.colcon_core.shell:Creating environment hook '/home/mario/ros2/build/my_robot_controller/share/my_robot_controller/hook/pythonpath_develop.sh'
[20.692s] Level 1:colcon.colcon_core.environment:checking '/home/mario/ros2/install/my_robot_controller' for CMake module files
[20.697s] Level 1:colcon.colcon_core.environment:checking '/home/mario/ros2/install/my_robot_controller' for CMake config files
[20.700s] Level 1:colcon.colcon_core.environment:checking '/home/mario/ros2/install/my_robot_controller/lib'
[20.713s] Level 1:colcon.colcon_core.environment:checking '/home/mario/ros2/install/my_robot_controller/bin'
[20.713s] Level 1:colcon.colcon_core.environment:checking '/home/mario/ros2/install/my_robot_controller/lib/pkgconfig/my_robot_controller.pc'
[20.715s] Level 1:colcon.colcon_core.environment:checking '/home/mario/ros2/install/my_robot_controller/lib/python3.10/site-packages'
[20.716s] Level 1:colcon.colcon_core.shell:create_environment_hook('my_robot_controller', 'pythonpath')
[20.852s] INFO:colcon.colcon_core.shell:Creating environment hook '/home/mario/ros2/install/my_robot_controller/share/my_robot_controller/hook/pythonpath.ps1'
[20.855s] INFO:colcon.colcon_core.shell:Creating environment descriptor '/home/mario/ros2/install/my_robot_controller/share/my_robot_controller/hook/pythonpath.dsv'
[20.857s] INFO:colcon.colcon_core.shell:Creating environment hook '/home/mario/ros2/install/my_robot_controller/share/my_robot_controller/hook/pythonpath.sh'
[20.860s] Level 1:colcon.colcon_core.environment:checking '/home/mario/ros2/install/my_robot_controller/bin'
[20.861s] Level 1:colcon.colcon_core.environment:create_environment_scripts_only(my_robot_controller)
[21.015s] INFO:colcon.colcon_core.shell:Creating package script '/home/mario/ros2/install/my_robot_controller/share/my_robot_controller/package.ps1'
[21.027s] INFO:colcon.colcon_core.shell:Creating package descriptor '/home/mario/ros2/install/my_robot_controller/share/my_robot_controller/package.dsv'
[21.032s] INFO:colcon.colcon_core.shell:Creating package script '/home/mario/ros2/install/my_robot_controller/share/my_robot_controller/package.sh'
[21.038s] INFO:colcon.colcon_core.shell:Creating package script '/home/mario/ros2/install/my_robot_controller/share/my_robot_controller/package.bash'
[21.046s] INFO:colcon.colcon_core.shell:Creating package script '/home/mario/ros2/install/my_robot_controller/share/my_robot_controller/package.zsh'
[21.051s] Level 1:colcon.colcon_core.environment:create_file_with_runtime_dependencies(/home/mario/ros2/install/my_robot_controller/share/colcon-core/packages/my_robot_controller)
[21.055s] DEBUG:colcon.colcon_parallel_executor.executor.parallel:closing loop
[21.056s] DEBUG:colcon.colcon_parallel_executor.executor.parallel:loop closed
[21.056s] DEBUG:colcon.colcon_parallel_executor.executor.parallel:run_until_complete finished with '0'
[21.056s] DEBUG:colcon.colcon_core.event_reactor:joining thread
[21.201s] INFO:colcon.colcon_core.plugin_system:Skipping extension 'colcon_notification.desktop_notification.terminal_notifier': Not used on non-Darwin systems
[21.201s] INFO:colcon.colcon_core.plugin_system:Skipping extension 'colcon_notification.desktop_notification.win32': Not used on non-Windows systems
[21.202s] INFO:colcon.colcon_notification.desktop_notification:Sending desktop notification using 'notify2'
[21.281s] DEBUG:colcon.colcon_core.event_reactor:joined thread
[21.405s] INFO:colcon.colcon_core.shell:Creating prefix script '/home/mario/ros2/install/local_setup.ps1'
[21.411s] INFO:colcon.colcon_core.shell:Creating prefix util module '/home/mario/ros2/install/_local_setup_util_ps1.py'
[21.421s] INFO:colcon.colcon_core.shell:Creating prefix chain script '/home/mario/ros2/install/setup.ps1'
[21.543s] INFO:colcon.colcon_core.shell:Creating prefix script '/home/mario/ros2/install/local_setup.sh'
[21.546s] INFO:colcon.colcon_core.shell:Creating prefix util module '/home/mario/ros2/install/_local_setup_util_sh.py'
[21.549s] INFO:colcon.colcon_core.shell:Creating prefix chain script '/home/mario/ros2/install/setup.sh'
[21.663s] INFO:colcon.colcon_core.shell:Creating prefix script '/home/mario/ros2/install/local_setup.bash'
[21.666s] INFO:colcon.colcon_core.shell:Creating prefix chain script '/home/mario/ros2/install/setup.bash'
[21.792s] INFO:colcon.colcon_core.shell:Creating prefix script '/home/mario/ros2/install/local_setup.zsh'
[21.795s] INFO:colcon.colcon_core.shell:Creating prefix chain script '/home/mario/ros2/install/setup.zsh'
